  [1m[35m (2.0ms)[0m  [1m[35mCREATE TABLE "schema_migrations" ("version" varchar NOT NULL PRIMARY KEY)[0m
  [1m[35m (1.7ms)[0m  [1m[35mCREATE TABLE "ar_internal_metadata" ("key" varchar NOT NULL PRIMARY KEY, "value" varchar, "created_at" datetime NOT NULL, "updated_at" datetime NOT NULL)[0m
  [1m[36mActiveRecord::SchemaMigration Load (0.1ms)[0m  [1m[34mSELECT "schema_migrations".* FROM "schema_migrations"[0m
Migrating to CreateUsers (20170608205048)
  [1m[35m (0.1ms)[0m  [1m[36mbegin transaction[0m
  [1m[35m (0.5ms)[0m  [1m[35mCREATE TABLE "users" ("id" INTEGER PRIMARY KEY AUTOINCREMENT NOT NULL, "name" varchar, "created_at" datetime NOT NULL, "updated_at" datetime NOT NULL)[0m
  [1m[35mSQL (0.1ms)[0m  [1m[32mINSERT INTO "schema_migrations" ("version") VALUES (?)[0m  [["version", "20170608205048"]]
  [1m[35m (1.6ms)[0m  [1m[36mcommit transaction[0m
  [1m[36mActiveRecord::InternalMetadata Load (0.1ms)[0m  [1m[34mSELECT  "ar_internal_metadata".* FROM "ar_internal_metadata" WHERE "ar_internal_metadata"."key" = ? LIMIT ?[0m  [["key", "environment"], ["LIMIT", 1]]
  [1m[35m (0.0ms)[0m  [1m[36mbegin transaction[0m
  [1m[35mSQL (0.3ms)[0m  [1m[32mINSERT INTO "ar_internal_metadata" ("key", "value", "created_at", "updated_at") VALUES (?, ?, ?, ?)[0m  [["key", "environment"], ["value", "development"], ["created_at", "2017-06-08 23:26:22.014905"], ["updated_at", "2017-06-08 23:26:22.014905"]]
  [1m[35m (1.2ms)[0m  [1m[36mcommit transaction[0m
  [1m[36mActiveRecord::SchemaMigration Load (0.1ms)[0m  [1m[34mSELECT "schema_migrations".* FROM "schema_migrations"[0m
Started GET "/" for 127.0.0.1 at 2017-06-08 19:45:08 -0400
  [1m[36mActiveRecord::SchemaMigration Load (0.4ms)[0m  [1m[34mSELECT "schema_migrations".* FROM "schema_migrations"[0m
Processing by Rails::WelcomeController#index as HTML
  Parameters: {"internal"=>true}
  Rendering /Users/MK/.rvm/gems/ruby-2.3.3/gems/railties-5.0.3/lib/rails/templates/rails/welcome/index.html.erb
  Rendered /Users/MK/.rvm/gems/ruby-2.3.3/gems/railties-5.0.3/lib/rails/templates/rails/welcome/index.html.erb (5.0ms)
Completed 200 OK in 28ms (Views: 13.7ms | ActiveRecord: 0.0ms)


Started GET "/users/show" for 127.0.0.1 at 2017-06-08 19:45:12 -0400
Processing by UsersController#show as HTML
  Parameters: {"id"=>"show"}
  [1m[36mUser Load (1.2ms)[0m  [1m[34mSELECT  "users".* FROM "users" WHERE "users"."id" = ? LIMIT ?[0m  [["id", 0], ["LIMIT", 1]]
Completed 404 Not Found in 13ms (ActiveRecord: 1.9ms)


  
ActiveRecord::RecordNotFound (Couldn't find User with 'id'=show):
  
app/controllers/users_controller.rb:10:in `show'
  Rendering /Users/MK/.rvm/gems/ruby-2.3.3/gems/actionpack-5.0.3/lib/action_dispatch/middleware/templates/rescues/diagnostics.html.erb within rescues/layout
  Rendering /Users/MK/.rvm/gems/ruby-2.3.3/gems/actionpack-5.0.3/lib/action_dispatch/middleware/templates/rescues/_source.html.erb
  Rendered /Users/MK/.rvm/gems/ruby-2.3.3/gems/actionpack-5.0.3/lib/action_dispatch/middleware/templates/rescues/_source.html.erb (3.5ms)
  Rendering /Users/MK/.rvm/gems/ruby-2.3.3/gems/actionpack-5.0.3/lib/action_dispatch/middleware/templates/rescues/_trace.html.erb
  Rendered /Users/MK/.rvm/gems/ruby-2.3.3/gems/actionpack-5.0.3/lib/action_dispatch/middleware/templates/rescues/_trace.html.erb (2.4ms)
  Rendering /Users/MK/.rvm/gems/ruby-2.3.3/gems/actionpack-5.0.3/lib/action_dispatch/middleware/templates/rescues/_request_and_response.html.erb
  Rendered /Users/MK/.rvm/gems/ruby-2.3.3/gems/actionpack-5.0.3/lib/action_dispatch/middleware/templates/rescues/_request_and_response.html.erb (1.2ms)
  Rendered /Users/MK/.rvm/gems/ruby-2.3.3/gems/actionpack-5.0.3/lib/action_dispatch/middleware/templates/rescues/diagnostics.html.erb within rescues/layout (77.1ms)
  [1m[35m (0.1ms)[0m  [1m[36mbegin transaction[0m
  [1m[35mSQL (1.8ms)[0m  [1m[32mINSERT INTO "users" ("name", "created_at", "updated_at") VALUES (?, ?, ?)[0m  [["name", "User1"], ["created_at", "2017-06-08 23:47:29.555175"], ["updated_at", "2017-06-08 23:47:29.555175"]]
  [1m[35m (1.7ms)[0m  [1m[36mcommit transaction[0m
Started GET "/users/show" for 127.0.0.1 at 2017-06-08 19:47:36 -0400
  
SyntaxError (/Users/MK/Desktop/the_odin_project/ruby-on-rails/private-events/app/controllers/users_controller.rb:18: syntax error, unexpected keyword_end, expecting ')'):
  
app/controllers/users_controller.rb:18: syntax error, unexpected keyword_end, expecting ')'
  Rendering /Users/MK/.rvm/gems/ruby-2.3.3/gems/actionpack-5.0.3/lib/action_dispatch/middleware/templates/rescues/diagnostics.html.erb within rescues/layout
  Rendering /Users/MK/.rvm/gems/ruby-2.3.3/gems/actionpack-5.0.3/lib/action_dispatch/middleware/templates/rescues/_source.html.erb
  Rendered /Users/MK/.rvm/gems/ruby-2.3.3/gems/actionpack-5.0.3/lib/action_dispatch/middleware/templates/rescues/_source.html.erb (8.8ms)
  Rendering /Users/MK/.rvm/gems/ruby-2.3.3/gems/actionpack-5.0.3/lib/action_dispatch/middleware/templates/rescues/_trace.html.erb
  Rendered /Users/MK/.rvm/gems/ruby-2.3.3/gems/actionpack-5.0.3/lib/action_dispatch/middleware/templates/rescues/_trace.html.erb (2.6ms)
  Rendering /Users/MK/.rvm/gems/ruby-2.3.3/gems/actionpack-5.0.3/lib/action_dispatch/middleware/templates/rescues/_request_and_response.html.erb
  Rendered /Users/MK/.rvm/gems/ruby-2.3.3/gems/actionpack-5.0.3/lib/action_dispatch/middleware/templates/rescues/_request_and_response.html.erb (4.3ms)
  Rendered /Users/MK/.rvm/gems/ruby-2.3.3/gems/actionpack-5.0.3/lib/action_dispatch/middleware/templates/rescues/diagnostics.html.erb within rescues/layout (131.3ms)
Started GET "/users/1/show" for 127.0.0.1 at 2017-06-08 19:47:58 -0400
  
ActionController::RoutingError (No route matches [GET] "/users/1/show"):
  
actionpack (5.0.3) lib/action_dispatch/middleware/debug_exceptions.rb:53:in `call'
web-console (3.5.1) lib/web_console/middleware.rb:135:in `call_app'
web-console (3.5.1) lib/web_console/middleware.rb:28:in `block in call'
web-console (3.5.1) lib/web_console/middleware.rb:18:in `catch'
web-console (3.5.1) lib/web_console/middleware.rb:18:in `call'
actionpack (5.0.3) lib/action_dispatch/middleware/show_exceptions.rb:31:in `call'
railties (5.0.3) lib/rails/rack/logger.rb:36:in `call_app'
railties (5.0.3) lib/rails/rack/logger.rb:24:in `block in call'
activesupport (5.0.3) lib/active_support/tagged_logging.rb:69:in `block in tagged'
activesupport (5.0.3) lib/active_support/tagged_logging.rb:26:in `tagged'
activesupport (5.0.3) lib/active_support/tagged_logging.rb:69:in `tagged'
railties (5.0.3) lib/rails/rack/logger.rb:24:in `call'
sprockets-rails (3.2.0) lib/sprockets/rails/quiet_assets.rb:13:in `call'
actionpack (5.0.3) lib/action_dispatch/middleware/request_id.rb:24:in `call'
rack (2.0.3) lib/rack/method_override.rb:22:in `call'
rack (2.0.3) lib/rack/runtime.rb:22:in `call'
activesupport (5.0.3) lib/active_support/cache/strategy/local_cache_middleware.rb:28:in `call'
actionpack (5.0.3) lib/action_dispatch/middleware/executor.rb:12:in `call'
actionpack (5.0.3) lib/action_dispatch/middleware/static.rb:136:in `call'
rack (2.0.3) lib/rack/sendfile.rb:111:in `call'
railties (5.0.3) lib/rails/engine.rb:522:in `call'
puma (3.9.1) lib/puma/configuration.rb:224:in `call'
puma (3.9.1) lib/puma/server.rb:602:in `handle_request'
puma (3.9.1) lib/puma/server.rb:435:in `process_client'
puma (3.9.1) lib/puma/server.rb:299:in `block in run'
puma (3.9.1) lib/puma/thread_pool.rb:120:in `block in spawn_thread'
  Rendering /Users/MK/.rvm/gems/ruby-2.3.3/gems/actionpack-5.0.3/lib/action_dispatch/middleware/templates/rescues/routing_error.html.erb within rescues/layout
  Rendering /Users/MK/.rvm/gems/ruby-2.3.3/gems/actionpack-5.0.3/lib/action_dispatch/middleware/templates/rescues/_trace.html.erb
  Rendered /Users/MK/.rvm/gems/ruby-2.3.3/gems/actionpack-5.0.3/lib/action_dispatch/middleware/templates/rescues/_trace.html.erb (7.7ms)
  Rendered collection of /Users/MK/.rvm/gems/ruby-2.3.3/gems/actionpack-5.0.3/lib/action_dispatch/middleware/templates/routes/_route.html.erb [3 times] (9.9ms)
  Rendered /Users/MK/.rvm/gems/ruby-2.3.3/gems/actionpack-5.0.3/lib/action_dispatch/middleware/templates/routes/_table.html.erb (18.6ms)
  Rendering /Users/MK/.rvm/gems/ruby-2.3.3/gems/actionpack-5.0.3/lib/action_dispatch/middleware/templates/rescues/_request_and_response.html.erb
  Rendered /Users/MK/.rvm/gems/ruby-2.3.3/gems/actionpack-5.0.3/lib/action_dispatch/middleware/templates/rescues/_request_and_response.html.erb (2.9ms)
  Rendered /Users/MK/.rvm/gems/ruby-2.3.3/gems/actionpack-5.0.3/lib/action_dispatch/middleware/templates/rescues/routing_error.html.erb within rescues/layout (144.9ms)
Started GET "/users/1" for 127.0.0.1 at 2017-06-08 19:48:15 -0400
Processing by UsersController#show as HTML
  Parameters: {"id"=>"1"}
  [1m[36mUser Load (0.2ms)[0m  [1m[34mSELECT  "users".* FROM "users" WHERE "users"."id" = ? LIMIT ?[0m  [["id", 1], ["LIMIT", 1]]
  Rendering users/show.html.erb within layouts/application
  Rendered users/show.html.erb within layouts/application (0.9ms)
Completed 200 OK in 731ms (Views: 713.5ms | ActiveRecord: 1.6ms)


Started GET "/users/new" for 127.0.0.1 at 2017-06-08 19:51:09 -0400
Processing by UsersController#new as HTML
  Rendering users/new.html.erb within layouts/application
  Rendered users/new.html.erb within layouts/application (22.1ms)
Completed 200 OK in 69ms (Views: 63.5ms | ActiveRecord: 0.0ms)


Started POST "/users" for 127.0.0.1 at 2017-06-08 19:53:55 -0400
Processing by UsersController#create as HTML
  Parameters: {"utf8"=>"✓", "authenticity_token"=>"Dp1Gk4pt2/bP2XPqUrMXi7llXp5TjKkZFcVhjytjRq+/1sL+xHoEz2+Ck3aszii942t8qJvBhbZwibuYEEzhMw==", "user"=>{"name"=>"user2"}, "commit"=>"Create my account"}
Redirected to http://localhost:3000/users
Completed 302 Found in 25ms (ActiveRecord: 1.7ms)


Started GET "/users" for 127.0.0.1 at 2017-06-08 19:53:55 -0400
  
ActionController::RoutingError (No route matches [GET] "/users"):
  
actionpack (5.0.3) lib/action_dispatch/middleware/debug_exceptions.rb:53:in `call'
web-console (3.5.1) lib/web_console/middleware.rb:135:in `call_app'
web-console (3.5.1) lib/web_console/middleware.rb:28:in `block in call'
web-console (3.5.1) lib/web_console/middleware.rb:18:in `catch'
web-console (3.5.1) lib/web_console/middleware.rb:18:in `call'
actionpack (5.0.3) lib/action_dispatch/middleware/show_exceptions.rb:31:in `call'
railties (5.0.3) lib/rails/rack/logger.rb:36:in `call_app'
railties (5.0.3) lib/rails/rack/logger.rb:24:in `block in call'
activesupport (5.0.3) lib/active_support/tagged_logging.rb:69:in `block in tagged'
activesupport (5.0.3) lib/active_support/tagged_logging.rb:26:in `tagged'
activesupport (5.0.3) lib/active_support/tagged_logging.rb:69:in `tagged'
railties (5.0.3) lib/rails/rack/logger.rb:24:in `call'
sprockets-rails (3.2.0) lib/sprockets/rails/quiet_assets.rb:13:in `call'
actionpack (5.0.3) lib/action_dispatch/middleware/request_id.rb:24:in `call'
rack (2.0.3) lib/rack/method_override.rb:22:in `call'
rack (2.0.3) lib/rack/runtime.rb:22:in `call'
activesupport (5.0.3) lib/active_support/cache/strategy/local_cache_middleware.rb:28:in `call'
actionpack (5.0.3) lib/action_dispatch/middleware/executor.rb:12:in `call'
actionpack (5.0.3) lib/action_dispatch/middleware/static.rb:136:in `call'
rack (2.0.3) lib/rack/sendfile.rb:111:in `call'
railties (5.0.3) lib/rails/engine.rb:522:in `call'
puma (3.9.1) lib/puma/configuration.rb:224:in `call'
puma (3.9.1) lib/puma/server.rb:602:in `handle_request'
puma (3.9.1) lib/puma/server.rb:435:in `process_client'
puma (3.9.1) lib/puma/server.rb:299:in `block in run'
puma (3.9.1) lib/puma/thread_pool.rb:120:in `block in spawn_thread'
  Rendering /Users/MK/.rvm/gems/ruby-2.3.3/gems/actionpack-5.0.3/lib/action_dispatch/middleware/templates/rescues/routing_error.html.erb within rescues/layout
  Rendering /Users/MK/.rvm/gems/ruby-2.3.3/gems/actionpack-5.0.3/lib/action_dispatch/middleware/templates/rescues/_trace.html.erb
  Rendered /Users/MK/.rvm/gems/ruby-2.3.3/gems/actionpack-5.0.3/lib/action_dispatch/middleware/templates/rescues/_trace.html.erb (1.8ms)
  Rendered collection of /Users/MK/.rvm/gems/ruby-2.3.3/gems/actionpack-5.0.3/lib/action_dispatch/middleware/templates/routes/_route.html.erb [3 times] (2.5ms)
  Rendered /Users/MK/.rvm/gems/ruby-2.3.3/gems/actionpack-5.0.3/lib/action_dispatch/middleware/templates/routes/_table.html.erb (1.8ms)
  Rendering /Users/MK/.rvm/gems/ruby-2.3.3/gems/actionpack-5.0.3/lib/action_dispatch/middleware/templates/rescues/_request_and_response.html.erb
  Rendered /Users/MK/.rvm/gems/ruby-2.3.3/gems/actionpack-5.0.3/lib/action_dispatch/middleware/templates/rescues/_request_and_response.html.erb (1.8ms)
  Rendered /Users/MK/.rvm/gems/ruby-2.3.3/gems/actionpack-5.0.3/lib/action_dispatch/middleware/templates/rescues/routing_error.html.erb within rescues/layout (87.9ms)
Started GET "/users/2/edit" for 127.0.0.1 at 2017-06-08 19:54:15 -0400
  
ActionController::RoutingError (No route matches [GET] "/users/2/edit"):
  
actionpack (5.0.3) lib/action_dispatch/middleware/debug_exceptions.rb:53:in `call'
web-console (3.5.1) lib/web_console/middleware.rb:135:in `call_app'
web-console (3.5.1) lib/web_console/middleware.rb:28:in `block in call'
web-console (3.5.1) lib/web_console/middleware.rb:18:in `catch'
web-console (3.5.1) lib/web_console/middleware.rb:18:in `call'
actionpack (5.0.3) lib/action_dispatch/middleware/show_exceptions.rb:31:in `call'
railties (5.0.3) lib/rails/rack/logger.rb:36:in `call_app'
railties (5.0.3) lib/rails/rack/logger.rb:24:in `block in call'
activesupport (5.0.3) lib/active_support/tagged_logging.rb:69:in `block in tagged'
activesupport (5.0.3) lib/active_support/tagged_logging.rb:26:in `tagged'
activesupport (5.0.3) lib/active_support/tagged_logging.rb:69:in `tagged'
railties (5.0.3) lib/rails/rack/logger.rb:24:in `call'
sprockets-rails (3.2.0) lib/sprockets/rails/quiet_assets.rb:13:in `call'
actionpack (5.0.3) lib/action_dispatch/middleware/request_id.rb:24:in `call'
rack (2.0.3) lib/rack/method_override.rb:22:in `call'
rack (2.0.3) lib/rack/runtime.rb:22:in `call'
activesupport (5.0.3) lib/active_support/cache/strategy/local_cache_middleware.rb:28:in `call'
actionpack (5.0.3) lib/action_dispatch/middleware/executor.rb:12:in `call'
actionpack (5.0.3) lib/action_dispatch/middleware/static.rb:136:in `call'
rack (2.0.3) lib/rack/sendfile.rb:111:in `call'
railties (5.0.3) lib/rails/engine.rb:522:in `call'
puma (3.9.1) lib/puma/configuration.rb:224:in `call'
puma (3.9.1) lib/puma/server.rb:602:in `handle_request'
puma (3.9.1) lib/puma/server.rb:435:in `process_client'
puma (3.9.1) lib/puma/server.rb:299:in `block in run'
puma (3.9.1) lib/puma/thread_pool.rb:120:in `block in spawn_thread'
  Rendering /Users/MK/.rvm/gems/ruby-2.3.3/gems/actionpack-5.0.3/lib/action_dispatch/middleware/templates/rescues/routing_error.html.erb within rescues/layout
  Rendering /Users/MK/.rvm/gems/ruby-2.3.3/gems/actionpack-5.0.3/lib/action_dispatch/middleware/templates/rescues/_trace.html.erb
  Rendered /Users/MK/.rvm/gems/ruby-2.3.3/gems/actionpack-5.0.3/lib/action_dispatch/middleware/templates/rescues/_trace.html.erb (2.6ms)
  Rendered collection of /Users/MK/.rvm/gems/ruby-2.3.3/gems/actionpack-5.0.3/lib/action_dispatch/middleware/templates/routes/_route.html.erb [3 times] (3.4ms)
  Rendered /Users/MK/.rvm/gems/ruby-2.3.3/gems/actionpack-5.0.3/lib/action_dispatch/middleware/templates/routes/_table.html.erb (1.5ms)
  Rendering /Users/MK/.rvm/gems/ruby-2.3.3/gems/actionpack-5.0.3/lib/action_dispatch/middleware/templates/rescues/_request_and_response.html.erb
  Rendered /Users/MK/.rvm/gems/ruby-2.3.3/gems/actionpack-5.0.3/lib/action_dispatch/middleware/templates/rescues/_request_and_response.html.erb (1.1ms)
  Rendered /Users/MK/.rvm/gems/ruby-2.3.3/gems/actionpack-5.0.3/lib/action_dispatch/middleware/templates/rescues/routing_error.html.erb within rescues/layout (83.6ms)
Started GET "/users/2" for 127.0.0.1 at 2017-06-08 19:54:18 -0400
Processing by UsersController#show as HTML
  Parameters: {"id"=>"2"}
  [1m[36mUser Load (0.4ms)[0m  [1m[34mSELECT  "users".* FROM "users" WHERE "users"."id" = ? LIMIT ?[0m  [["id", 2], ["LIMIT", 1]]
Completed 404 Not Found in 4ms (ActiveRecord: 0.4ms)


  
ActiveRecord::RecordNotFound (Couldn't find User with 'id'=2):
  
app/controllers/users_controller.rb:13:in `show'
  Rendering /Users/MK/.rvm/gems/ruby-2.3.3/gems/actionpack-5.0.3/lib/action_dispatch/middleware/templates/rescues/diagnostics.html.erb within rescues/layout
  Rendering /Users/MK/.rvm/gems/ruby-2.3.3/gems/actionpack-5.0.3/lib/action_dispatch/middleware/templates/rescues/_source.html.erb
  Rendered /Users/MK/.rvm/gems/ruby-2.3.3/gems/actionpack-5.0.3/lib/action_dispatch/middleware/templates/rescues/_source.html.erb (3.0ms)
  Rendering /Users/MK/.rvm/gems/ruby-2.3.3/gems/actionpack-5.0.3/lib/action_dispatch/middleware/templates/rescues/_trace.html.erb
  Rendered /Users/MK/.rvm/gems/ruby-2.3.3/gems/actionpack-5.0.3/lib/action_dispatch/middleware/templates/rescues/_trace.html.erb (1.6ms)
  Rendering /Users/MK/.rvm/gems/ruby-2.3.3/gems/actionpack-5.0.3/lib/action_dispatch/middleware/templates/rescues/_request_and_response.html.erb
  Rendered /Users/MK/.rvm/gems/ruby-2.3.3/gems/actionpack-5.0.3/lib/action_dispatch/middleware/templates/rescues/_request_and_response.html.erb (0.8ms)
  Rendered /Users/MK/.rvm/gems/ruby-2.3.3/gems/actionpack-5.0.3/lib/action_dispatch/middleware/templates/rescues/diagnostics.html.erb within rescues/layout (59.2ms)
Started GET "/" for 127.0.0.1 at 2017-06-08 20:00:41 -0400
Processing by StaticPagesController#home as HTML
  Rendering static_pages/home.html.erb within layouts/application
  Rendered layouts/_rails_default.html.erb (173.8ms)
  Rendered static_pages/home.html.erb within layouts/application (182.5ms)
Completed 500 Internal Server Error in 197ms (ActiveRecord: 0.0ms)


  
ActionView::Template::Error (Missing partial layouts/_shim with {:locale=>[:en], :formats=>[:html], :variants=>[], :handlers=>[:raw, :erb, :html, :builder, :ruby, :coffee, :jbuilder]}. Searched in:
  * "/Users/MK/Desktop/the_odin_project/ruby-on-rails/private-events/app/views"
):
    3:   <head>
    4:     <title>Private Events</title>
    5:     <%= render 'layouts/rails_default' %>
    6:     <%= render 'layouts/shim' %>
    7:   </head>
    8:   <body>
    9:     <%= render 'layouts/header' %>
  
app/views/static_pages/home.html.erb:6:in `_app_views_static_pages_home_html_erb___3286766803373553563_70236753128240'
  Rendering /Users/MK/.rvm/gems/ruby-2.3.3/gems/actionpack-5.0.3/lib/action_dispatch/middleware/templates/rescues/template_error.html.erb within rescues/layout
  Rendering /Users/MK/.rvm/gems/ruby-2.3.3/gems/actionpack-5.0.3/lib/action_dispatch/middleware/templates/rescues/_source.html.erb
  Rendered /Users/MK/.rvm/gems/ruby-2.3.3/gems/actionpack-5.0.3/lib/action_dispatch/middleware/templates/rescues/_source.html.erb (4.8ms)
  Rendering /Users/MK/.rvm/gems/ruby-2.3.3/gems/actionpack-5.0.3/lib/action_dispatch/middleware/templates/rescues/_trace.html.erb
  Rendered /Users/MK/.rvm/gems/ruby-2.3.3/gems/actionpack-5.0.3/lib/action_dispatch/middleware/templates/rescues/_trace.html.erb (4.0ms)
  Rendering /Users/MK/.rvm/gems/ruby-2.3.3/gems/actionpack-5.0.3/lib/action_dispatch/middleware/templates/rescues/_request_and_response.html.erb
  Rendered /Users/MK/.rvm/gems/ruby-2.3.3/gems/actionpack-5.0.3/lib/action_dispatch/middleware/templates/rescues/_request_and_response.html.erb (1.5ms)
  Rendered /Users/MK/.rvm/gems/ruby-2.3.3/gems/actionpack-5.0.3/lib/action_dispatch/middleware/templates/rescues/template_error.html.erb within rescues/layout (74.1ms)
Started GET "/" for 127.0.0.1 at 2017-06-08 20:01:33 -0400
Processing by StaticPagesController#home as HTML
  Rendering static_pages/home.html.erb within layouts/application
  Rendered static_pages/home.html.erb within layouts/application (0.4ms)
  Rendered layouts/_rails_default.html.erb (34.5ms)
  Rendered layouts/_header.html.erb (97.3ms)
Completed 500 Internal Server Error in 143ms (ActiveRecord: 0.0ms)


  
ActionView::Template::Error (undefined method `logged_in?' for #<#<Class:0x007fc28970cdc8>:0x007fc289464e40>
Did you mean?  logger?):
     5:       <ul class="nav navbar-nav navbar-right">
     6:         <li><%= link_to "Home",   root_path %></li>
     7:         <li><%= link_to "Events", '#' %></li>
     8:         #<% if logged_in? %>
     9:           <li><%= link_to "Users", users_path %></li>
    10:           <li class="dropdown">
    11:             <a href="#" class="dropdown-toggle" data-toggle="dropdown">
  
app/views/layouts/_header.html.erb:8:in `_app_views_layouts__header_html_erb__1913056653518379537_70236787820160'
app/views/layouts/application.html.erb:8:in `_app_views_layouts_application_html_erb__2296579243184233641_70236788492920'
  Rendering /Users/MK/.rvm/gems/ruby-2.3.3/gems/actionpack-5.0.3/lib/action_dispatch/middleware/templates/rescues/template_error.html.erb within rescues/layout
  Rendering /Users/MK/.rvm/gems/ruby-2.3.3/gems/actionpack-5.0.3/lib/action_dispatch/middleware/templates/rescues/_source.html.erb
  Rendered /Users/MK/.rvm/gems/ruby-2.3.3/gems/actionpack-5.0.3/lib/action_dispatch/middleware/templates/rescues/_source.html.erb (4.8ms)
  Rendering /Users/MK/.rvm/gems/ruby-2.3.3/gems/actionpack-5.0.3/lib/action_dispatch/middleware/templates/rescues/_trace.html.erb
  Rendered /Users/MK/.rvm/gems/ruby-2.3.3/gems/actionpack-5.0.3/lib/action_dispatch/middleware/templates/rescues/_trace.html.erb (2.2ms)
  Rendering /Users/MK/.rvm/gems/ruby-2.3.3/gems/actionpack-5.0.3/lib/action_dispatch/middleware/templates/rescues/_request_and_response.html.erb
  Rendered /Users/MK/.rvm/gems/ruby-2.3.3/gems/actionpack-5.0.3/lib/action_dispatch/middleware/templates/rescues/_request_and_response.html.erb (0.7ms)
  Rendered /Users/MK/.rvm/gems/ruby-2.3.3/gems/actionpack-5.0.3/lib/action_dispatch/middleware/templates/rescues/template_error.html.erb within rescues/layout (66.7ms)
Started GET "/" for 127.0.0.1 at 2017-06-08 20:02:00 -0400
Processing by StaticPagesController#home as HTML
  Rendering static_pages/home.html.erb within layouts/application
  Rendered static_pages/home.html.erb within layouts/application (0.4ms)
  Rendered layouts/_rails_default.html.erb (21.0ms)
  Rendered layouts/_header.html.erb (100.2ms)
Completed 500 Internal Server Error in 135ms (ActiveRecord: 0.0ms)


  
ActionView::Template::Error (undefined method `logged_in?' for #<#<Class:0x007fc28970cdc8>:0x007fc289c7b9f8>
Did you mean?  logger?):
     5:       <ul class="nav navbar-nav navbar-right">
     6:         <li><%= link_to "Home",   root_path %></li>
     7:         <li><%= link_to "Events", '#' %></li>
     8:         <!--<% if logged_in? %>-->
     9:           <li><%= link_to "Users", users_path %></li>
    10:           <li class="dropdown">
    11:             <a href="#" class="dropdown-toggle" data-toggle="dropdown">
  
app/views/layouts/_header.html.erb:8:in `_app_views_layouts__header_html_erb__1913056653518379537_70236788563160'
app/views/layouts/application.html.erb:8:in `_app_views_layouts_application_html_erb__2296579243184233641_70236755968300'
  Rendering /Users/MK/.rvm/gems/ruby-2.3.3/gems/actionpack-5.0.3/lib/action_dispatch/middleware/templates/rescues/template_error.html.erb within rescues/layout
  Rendering /Users/MK/.rvm/gems/ruby-2.3.3/gems/actionpack-5.0.3/lib/action_dispatch/middleware/templates/rescues/_source.html.erb
  Rendered /Users/MK/.rvm/gems/ruby-2.3.3/gems/actionpack-5.0.3/lib/action_dispatch/middleware/templates/rescues/_source.html.erb (4.3ms)
  Rendering /Users/MK/.rvm/gems/ruby-2.3.3/gems/actionpack-5.0.3/lib/action_dispatch/middleware/templates/rescues/_trace.html.erb
  Rendered /Users/MK/.rvm/gems/ruby-2.3.3/gems/actionpack-5.0.3/lib/action_dispatch/middleware/templates/rescues/_trace.html.erb (1.7ms)
  Rendering /Users/MK/.rvm/gems/ruby-2.3.3/gems/actionpack-5.0.3/lib/action_dispatch/middleware/templates/rescues/_request_and_response.html.erb
  Rendered /Users/MK/.rvm/gems/ruby-2.3.3/gems/actionpack-5.0.3/lib/action_dispatch/middleware/templates/rescues/_request_and_response.html.erb (0.8ms)
  Rendered /Users/MK/.rvm/gems/ruby-2.3.3/gems/actionpack-5.0.3/lib/action_dispatch/middleware/templates/rescues/template_error.html.erb within rescues/layout (57.1ms)
Started GET "/" for 127.0.0.1 at 2017-06-08 20:02:09 -0400
Processing by StaticPagesController#home as HTML
  Rendering static_pages/home.html.erb within layouts/application
  Rendered static_pages/home.html.erb within layouts/application (0.6ms)
  Rendered layouts/_rails_default.html.erb (18.0ms)
  Rendered layouts/_header.html.erb (97.3ms)
Completed 500 Internal Server Error in 127ms (ActiveRecord: 0.0ms)


  
ActionView::Template::Error (undefined method `logged_in?' for #<#<Class:0x007fc28970cdc8>:0x007fc28950ae30>
Did you mean?  logger?):
     5:       <ul class="nav navbar-nav navbar-right">
     6:         <li><%= link_to "Home",   root_path %></li>
     7:         <li><%= link_to "Events", '#' %></li>
     8:         <!--<% if logged_in? %>-->
     9:           <li><%= link_to "Users", users_path %></li>
    10:           <li class="dropdown">
    11:             <a href="#" class="dropdown-toggle" data-toggle="dropdown">
  
app/views/layouts/_header.html.erb:8:in `_app_views_layouts__header_html_erb__1913056653518379537_70236751686820'
app/views/layouts/application.html.erb:8:in `_app_views_layouts_application_html_erb__2296579243184233641_70236752055140'
  Rendering /Users/MK/.rvm/gems/ruby-2.3.3/gems/actionpack-5.0.3/lib/action_dispatch/middleware/templates/rescues/template_error.html.erb within rescues/layout
  Rendering /Users/MK/.rvm/gems/ruby-2.3.3/gems/actionpack-5.0.3/lib/action_dispatch/middleware/templates/rescues/_source.html.erb
  Rendered /Users/MK/.rvm/gems/ruby-2.3.3/gems/actionpack-5.0.3/lib/action_dispatch/middleware/templates/rescues/_source.html.erb (4.4ms)
  Rendering /Users/MK/.rvm/gems/ruby-2.3.3/gems/actionpack-5.0.3/lib/action_dispatch/middleware/templates/rescues/_trace.html.erb
  Rendered /Users/MK/.rvm/gems/ruby-2.3.3/gems/actionpack-5.0.3/lib/action_dispatch/middleware/templates/rescues/_trace.html.erb (1.7ms)
  Rendering /Users/MK/.rvm/gems/ruby-2.3.3/gems/actionpack-5.0.3/lib/action_dispatch/middleware/templates/rescues/_request_and_response.html.erb
  Rendered /Users/MK/.rvm/gems/ruby-2.3.3/gems/actionpack-5.0.3/lib/action_dispatch/middleware/templates/rescues/_request_and_response.html.erb (1.0ms)
  Rendered /Users/MK/.rvm/gems/ruby-2.3.3/gems/actionpack-5.0.3/lib/action_dispatch/middleware/templates/rescues/template_error.html.erb within rescues/layout (58.9ms)
Started GET "/" for 127.0.0.1 at 2017-06-08 20:02:16 -0400
Processing by StaticPagesController#home as HTML
  Rendering static_pages/home.html.erb within layouts/application
  Rendered static_pages/home.html.erb within layouts/application (0.5ms)
  Rendered layouts/_rails_default.html.erb (18.0ms)
  Rendered layouts/_header.html.erb (1.1ms)
Completed 500 Internal Server Error in 32ms (ActiveRecord: 0.0ms)


  
SyntaxError (/Users/MK/Desktop/the_odin_project/ruby-on-rails/private-events/app/views/layouts/_header.html.erb:31: syntax error, unexpected keyword_ensure, expecting end-of-input):
  
app/views/layouts/_header.html.erb:31: syntax error, unexpected keyword_ensure, expecting end-of-input
app/views/layouts/application.html.erb:8:in `_app_views_layouts_application_html_erb__2296579243184233641_70236755959500'
  Rendering /Users/MK/.rvm/gems/ruby-2.3.3/gems/actionpack-5.0.3/lib/action_dispatch/middleware/templates/rescues/diagnostics.html.erb within rescues/layout
  Rendering /Users/MK/.rvm/gems/ruby-2.3.3/gems/actionpack-5.0.3/lib/action_dispatch/middleware/templates/rescues/_source.html.erb
  Rendered /Users/MK/.rvm/gems/ruby-2.3.3/gems/actionpack-5.0.3/lib/action_dispatch/middleware/templates/rescues/_source.html.erb (4.1ms)
  Rendering /Users/MK/.rvm/gems/ruby-2.3.3/gems/actionpack-5.0.3/lib/action_dispatch/middleware/templates/rescues/_trace.html.erb
  Rendered /Users/MK/.rvm/gems/ruby-2.3.3/gems/actionpack-5.0.3/lib/action_dispatch/middleware/templates/rescues/_trace.html.erb (2.2ms)
  Rendering /Users/MK/.rvm/gems/ruby-2.3.3/gems/actionpack-5.0.3/lib/action_dispatch/middleware/templates/rescues/_request_and_response.html.erb
  Rendered /Users/MK/.rvm/gems/ruby-2.3.3/gems/actionpack-5.0.3/lib/action_dispatch/middleware/templates/rescues/_request_and_response.html.erb (0.9ms)
  Rendered /Users/MK/.rvm/gems/ruby-2.3.3/gems/actionpack-5.0.3/lib/action_dispatch/middleware/templates/rescues/diagnostics.html.erb within rescues/layout (62.2ms)
Started GET "/" for 127.0.0.1 at 2017-06-08 20:02:48 -0400
Processing by StaticPagesController#home as HTML
  Rendering static_pages/home.html.erb within layouts/application
  Rendered static_pages/home.html.erb within layouts/application (0.6ms)
  Rendered layouts/_rails_default.html.erb (32.6ms)
  Rendered layouts/_header.html.erb (201.8ms)
Completed 500 Internal Server Error in 249ms (ActiveRecord: 0.0ms)


  
ActionView::Template::Error (undefined local variable or method `current_user' for #<#<Class:0x007fc28970cdc8>:0x007fc289734ee0>
Did you mean?  current_page?):
    12:               Account <b class="caret"></b>
    13:             </a>
    14:             <ul class="dropdown-menu">
    15:               <li><%= link_to "Profile", current_user %></li>
    16:               <li><%= link_to "Settings", edit_user_path(current_user) %></li>
    17:               <li class="divider"></li>
    18:               <li>
  
app/views/layouts/_header.html.erb:15:in `_app_views_layouts__header_html_erb__1913056653518379537_70236756360040'
app/views/layouts/application.html.erb:8:in `_app_views_layouts_application_html_erb__2296579243184233641_70236797102660'
  Rendering /Users/MK/.rvm/gems/ruby-2.3.3/gems/actionpack-5.0.3/lib/action_dispatch/middleware/templates/rescues/template_error.html.erb within rescues/layout
  Rendering /Users/MK/.rvm/gems/ruby-2.3.3/gems/actionpack-5.0.3/lib/action_dispatch/middleware/templates/rescues/_source.html.erb
  Rendered /Users/MK/.rvm/gems/ruby-2.3.3/gems/actionpack-5.0.3/lib/action_dispatch/middleware/templates/rescues/_source.html.erb (5.5ms)
  Rendering /Users/MK/.rvm/gems/ruby-2.3.3/gems/actionpack-5.0.3/lib/action_dispatch/middleware/templates/rescues/_trace.html.erb
  Rendered /Users/MK/.rvm/gems/ruby-2.3.3/gems/actionpack-5.0.3/lib/action_dispatch/middleware/templates/rescues/_trace.html.erb (3.2ms)
  Rendering /Users/MK/.rvm/gems/ruby-2.3.3/gems/actionpack-5.0.3/lib/action_dispatch/middleware/templates/rescues/_request_and_response.html.erb
  Rendered /Users/MK/.rvm/gems/ruby-2.3.3/gems/actionpack-5.0.3/lib/action_dispatch/middleware/templates/rescues/_request_and_response.html.erb (1.1ms)
  Rendered /Users/MK/.rvm/gems/ruby-2.3.3/gems/actionpack-5.0.3/lib/action_dispatch/middleware/templates/rescues/template_error.html.erb within rescues/layout (68.1ms)
Started GET "/" for 127.0.0.1 at 2017-06-08 20:09:08 -0400
Processing by StaticPagesController#home as HTML
  Rendering static_pages/home.html.erb within layouts/application
  Rendered static_pages/home.html.erb within layouts/application (6.0ms)
  Rendered layouts/_rails_default.html.erb (104.4ms)
  Rendered layouts/_header.html.erb (1.1ms)
Completed 500 Internal Server Error in 148ms (ActiveRecord: 0.0ms)


  
ActionView::Template::Error (Missing partial layouts/_footer with {:locale=>[:en], :formats=>[:html], :variants=>[], :handlers=>[:raw, :erb, :html, :builder, :ruby, :coffee, :jbuilder]}. Searched in:
  * "/Users/MK/Desktop/the_odin_project/ruby-on-rails/private-events/app/views"
):
    11:         <div class="alert alert-<%= message_type %>"><%= message %></div>
    12:       <% end %>
    13:       <%= yield %>
    14:       <%= render 'layouts/footer' %>
    15:       <%= debug(params) if Rails.env.development? %>
    16:     </div>
    17:   </body>
  
app/views/layouts/application.html.erb:14:in `_app_views_layouts_application_html_erb__2296579243184233641_70236753192260'
  Rendering /Users/MK/.rvm/gems/ruby-2.3.3/gems/actionpack-5.0.3/lib/action_dispatch/middleware/templates/rescues/template_error.html.erb within rescues/layout
  Rendering /Users/MK/.rvm/gems/ruby-2.3.3/gems/actionpack-5.0.3/lib/action_dispatch/middleware/templates/rescues/_source.html.erb
  Rendered /Users/MK/.rvm/gems/ruby-2.3.3/gems/actionpack-5.0.3/lib/action_dispatch/middleware/templates/rescues/_source.html.erb (4.8ms)
  Rendering /Users/MK/.rvm/gems/ruby-2.3.3/gems/actionpack-5.0.3/lib/action_dispatch/middleware/templates/rescues/_trace.html.erb
  Rendered /Users/MK/.rvm/gems/ruby-2.3.3/gems/actionpack-5.0.3/lib/action_dispatch/middleware/templates/rescues/_trace.html.erb (1.7ms)
  Rendering /Users/MK/.rvm/gems/ruby-2.3.3/gems/actionpack-5.0.3/lib/action_dispatch/middleware/templates/rescues/_request_and_response.html.erb
  Rendered /Users/MK/.rvm/gems/ruby-2.3.3/gems/actionpack-5.0.3/lib/action_dispatch/middleware/templates/rescues/_request_and_response.html.erb (1.3ms)
  Rendered /Users/MK/.rvm/gems/ruby-2.3.3/gems/actionpack-5.0.3/lib/action_dispatch/middleware/templates/rescues/template_error.html.erb within rescues/layout (65.9ms)
Started GET "/" for 127.0.0.1 at 2017-06-08 20:09:23 -0400
Processing by StaticPagesController#home as HTML
  Rendering static_pages/home.html.erb within layouts/application
  Rendered static_pages/home.html.erb within layouts/application (0.5ms)
  Rendered layouts/_rails_default.html.erb (21.3ms)
  Rendered layouts/_header.html.erb (0.7ms)
Completed 200 OK in 35ms (Views: 33.4ms | ActiveRecord: 0.0ms)


Started GET "/users" for 127.0.0.1 at 2017-06-08 20:09:34 -0400
  
ActionController::RoutingError (No route matches [GET] "/users"):
  
actionpack (5.0.3) lib/action_dispatch/middleware/debug_exceptions.rb:53:in `call'
web-console (3.5.1) lib/web_console/middleware.rb:135:in `call_app'
web-console (3.5.1) lib/web_console/middleware.rb:28:in `block in call'
web-console (3.5.1) lib/web_console/middleware.rb:18:in `catch'
web-console (3.5.1) lib/web_console/middleware.rb:18:in `call'
actionpack (5.0.3) lib/action_dispatch/middleware/show_exceptions.rb:31:in `call'
railties (5.0.3) lib/rails/rack/logger.rb:36:in `call_app'
railties (5.0.3) lib/rails/rack/logger.rb:24:in `block in call'
activesupport (5.0.3) lib/active_support/tagged_logging.rb:69:in `block in tagged'
activesupport (5.0.3) lib/active_support/tagged_logging.rb:26:in `tagged'
activesupport (5.0.3) lib/active_support/tagged_logging.rb:69:in `tagged'
railties (5.0.3) lib/rails/rack/logger.rb:24:in `call'
sprockets-rails (3.2.0) lib/sprockets/rails/quiet_assets.rb:13:in `call'
actionpack (5.0.3) lib/action_dispatch/middleware/request_id.rb:24:in `call'
rack (2.0.3) lib/rack/method_override.rb:22:in `call'
rack (2.0.3) lib/rack/runtime.rb:22:in `call'
activesupport (5.0.3) lib/active_support/cache/strategy/local_cache_middleware.rb:28:in `call'
actionpack (5.0.3) lib/action_dispatch/middleware/executor.rb:12:in `call'
actionpack (5.0.3) lib/action_dispatch/middleware/static.rb:136:in `call'
rack (2.0.3) lib/rack/sendfile.rb:111:in `call'
railties (5.0.3) lib/rails/engine.rb:522:in `call'
puma (3.9.1) lib/puma/configuration.rb:224:in `call'
puma (3.9.1) lib/puma/server.rb:602:in `handle_request'
puma (3.9.1) lib/puma/server.rb:435:in `process_client'
puma (3.9.1) lib/puma/server.rb:299:in `block in run'
puma (3.9.1) lib/puma/thread_pool.rb:120:in `block in spawn_thread'
  Rendering /Users/MK/.rvm/gems/ruby-2.3.3/gems/actionpack-5.0.3/lib/action_dispatch/middleware/templates/rescues/routing_error.html.erb within rescues/layout
  Rendering /Users/MK/.rvm/gems/ruby-2.3.3/gems/actionpack-5.0.3/lib/action_dispatch/middleware/templates/rescues/_trace.html.erb
  Rendered /Users/MK/.rvm/gems/ruby-2.3.3/gems/actionpack-5.0.3/lib/action_dispatch/middleware/templates/rescues/_trace.html.erb (1.6ms)
  Rendered collection of /Users/MK/.rvm/gems/ruby-2.3.3/gems/actionpack-5.0.3/lib/action_dispatch/middleware/templates/routes/_route.html.erb [4 times] (2.9ms)
  Rendered /Users/MK/.rvm/gems/ruby-2.3.3/gems/actionpack-5.0.3/lib/action_dispatch/middleware/templates/routes/_table.html.erb (2.2ms)
  Rendering /Users/MK/.rvm/gems/ruby-2.3.3/gems/actionpack-5.0.3/lib/action_dispatch/middleware/templates/rescues/_request_and_response.html.erb
  Rendered /Users/MK/.rvm/gems/ruby-2.3.3/gems/actionpack-5.0.3/lib/action_dispatch/middleware/templates/rescues/_request_and_response.html.erb (1.3ms)
  Rendered /Users/MK/.rvm/gems/ruby-2.3.3/gems/actionpack-5.0.3/lib/action_dispatch/middleware/templates/rescues/routing_error.html.erb within rescues/layout (82.6ms)
Started GET "/users" for 127.0.0.1 at 2017-06-08 20:10:08 -0400
Processing by UsersController#index as HTML
Completed 406 Not Acceptable in 60ms (ActiveRecord: 0.0ms)


  
ActionController::UnknownFormat (UsersController#index is missing a template for this request format and variant.

request.formats: ["text/html"]
request.variant: []

NOTE! For XHR/Ajax or API requests, this action would normally respond with 204 No Content: an empty white screen. Since you're loading it in a web browser, we assume that you expected to actually render a template, not nothing, so we're showing an error to be extra-clear. If you expect 204 No Content, carry on. That's what you'll get from an XHR or API request. Give it a shot.):
  
actionpack (5.0.3) lib/action_controller/metal/implicit_render.rb:56:in `default_render'
actionpack (5.0.3) lib/action_controller/metal/basic_implicit_render.rb:4:in `block in send_action'
actionpack (5.0.3) lib/action_controller/metal/basic_implicit_render.rb:4:in `tap'
actionpack (5.0.3) lib/action_controller/metal/basic_implicit_render.rb:4:in `send_action'
actionpack (5.0.3) lib/abstract_controller/base.rb:188:in `process_action'
actionpack (5.0.3) lib/action_controller/metal/rendering.rb:30:in `process_action'
actionpack (5.0.3) lib/abstract_controller/callbacks.rb:20:in `block in process_action'
activesupport (5.0.3) lib/active_support/callbacks.rb:126:in `call'
activesupport (5.0.3) lib/active_support/callbacks.rb:506:in `block (2 levels) in compile'
activesupport (5.0.3) lib/active_support/callbacks.rb:455:in `call'
activesupport (5.0.3) lib/active_support/callbacks.rb:101:in `__run_callbacks__'
activesupport (5.0.3) lib/active_support/callbacks.rb:750:in `_run_process_action_callbacks'
activesupport (5.0.3) lib/active_support/callbacks.rb:90:in `run_callbacks'
actionpack (5.0.3) lib/abstract_controller/callbacks.rb:19:in `process_action'
actionpack (5.0.3) lib/action_controller/metal/rescue.rb:20:in `process_action'
actionpack (5.0.3) lib/action_controller/metal/instrumentation.rb:32:in `block in process_action'
activesupport (5.0.3) lib/active_support/notifications.rb:164:in `block in instrument'
activesupport (5.0.3) lib/active_support/notifications/instrumenter.rb:21:in `instrument'
activesupport (5.0.3) lib/active_support/notifications.rb:164:in `instrument'
actionpack (5.0.3) lib/action_controller/metal/instrumentation.rb:30:in `process_action'
actionpack (5.0.3) lib/action_controller/metal/params_wrapper.rb:248:in `process_action'
activerecord (5.0.3) lib/active_record/railties/controller_runtime.rb:18:in `process_action'
actionpack (5.0.3) lib/abstract_controller/base.rb:126:in `process'
actionview (5.0.3) lib/action_view/rendering.rb:30:in `process'
actionpack (5.0.3) lib/action_controller/metal.rb:190:in `dispatch'
actionpack (5.0.3) lib/action_controller/metal.rb:262:in `dispatch'
actionpack (5.0.3) lib/action_dispatch/routing/route_set.rb:50:in `dispatch'
actionpack (5.0.3) lib/action_dispatch/routing/route_set.rb:32:in `serve'
actionpack (5.0.3) lib/action_dispatch/journey/router.rb:39:in `block in serve'
actionpack (5.0.3) lib/action_dispatch/journey/router.rb:26:in `each'
actionpack (5.0.3) lib/action_dispatch/journey/router.rb:26:in `serve'
actionpack (5.0.3) lib/action_dispatch/routing/route_set.rb:725:in `call'
rack (2.0.3) lib/rack/etag.rb:25:in `call'
rack (2.0.3) lib/rack/conditional_get.rb:25:in `call'
rack (2.0.3) lib/rack/head.rb:12:in `call'
rack (2.0.3) lib/rack/session/abstract/id.rb:232:in `context'
rack (2.0.3) lib/rack/session/abstract/id.rb:226:in `call'
actionpack (5.0.3) lib/action_dispatch/middleware/cookies.rb:613:in `call'
activerecord (5.0.3) lib/active_record/migration.rb:553:in `call'
actionpack (5.0.3) lib/action_dispatch/middleware/callbacks.rb:38:in `block in call'
activesupport (5.0.3) lib/active_support/callbacks.rb:97:in `__run_callbacks__'
activesupport (5.0.3) lib/active_support/callbacks.rb:750:in `_run_call_callbacks'
activesupport (5.0.3) lib/active_support/callbacks.rb:90:in `run_callbacks'
actionpack (5.0.3) lib/action_dispatch/middleware/callbacks.rb:36:in `call'
actionpack (5.0.3) lib/action_dispatch/middleware/executor.rb:12:in `call'
actionpack (5.0.3) lib/action_dispatch/middleware/remote_ip.rb:79:in `call'
actionpack (5.0.3) lib/action_dispatch/middleware/debug_exceptions.rb:49:in `call'
web-console (3.5.1) lib/web_console/middleware.rb:135:in `call_app'
web-console (3.5.1) lib/web_console/middleware.rb:28:in `block in call'
web-console (3.5.1) lib/web_console/middleware.rb:18:in `catch'
web-console (3.5.1) lib/web_console/middleware.rb:18:in `call'
actionpack (5.0.3) lib/action_dispatch/middleware/show_exceptions.rb:31:in `call'
railties (5.0.3) lib/rails/rack/logger.rb:36:in `call_app'
railties (5.0.3) lib/rails/rack/logger.rb:24:in `block in call'
activesupport (5.0.3) lib/active_support/tagged_logging.rb:69:in `block in tagged'
activesupport (5.0.3) lib/active_support/tagged_logging.rb:26:in `tagged'
activesupport (5.0.3) lib/active_support/tagged_logging.rb:69:in `tagged'
railties (5.0.3) lib/rails/rack/logger.rb:24:in `call'
sprockets-rails (3.2.0) lib/sprockets/rails/quiet_assets.rb:13:in `call'
actionpack (5.0.3) lib/action_dispatch/middleware/request_id.rb:24:in `call'
rack (2.0.3) lib/rack/method_override.rb:22:in `call'
rack (2.0.3) lib/rack/runtime.rb:22:in `call'
activesupport (5.0.3) lib/active_support/cache/strategy/local_cache_middleware.rb:28:in `call'
actionpack (5.0.3) lib/action_dispatch/middleware/executor.rb:12:in `call'
actionpack (5.0.3) lib/action_dispatch/middleware/static.rb:136:in `call'
rack (2.0.3) lib/rack/sendfile.rb:111:in `call'
railties (5.0.3) lib/rails/engine.rb:522:in `call'
puma (3.9.1) lib/puma/configuration.rb:224:in `call'
puma (3.9.1) lib/puma/server.rb:602:in `handle_request'
puma (3.9.1) lib/puma/server.rb:435:in `process_client'
puma (3.9.1) lib/puma/server.rb:299:in `block in run'
puma (3.9.1) lib/puma/thread_pool.rb:120:in `block in spawn_thread'
  Rendering /Users/MK/.rvm/gems/ruby-2.3.3/gems/actionpack-5.0.3/lib/action_dispatch/middleware/templates/rescues/diagnostics.html.erb within rescues/layout
  Rendering /Users/MK/.rvm/gems/ruby-2.3.3/gems/actionpack-5.0.3/lib/action_dispatch/middleware/templates/rescues/_source.html.erb
  Rendered /Users/MK/.rvm/gems/ruby-2.3.3/gems/actionpack-5.0.3/lib/action_dispatch/middleware/templates/rescues/_source.html.erb (2.8ms)
  Rendering /Users/MK/.rvm/gems/ruby-2.3.3/gems/actionpack-5.0.3/lib/action_dispatch/middleware/templates/rescues/_trace.html.erb
  Rendered /Users/MK/.rvm/gems/ruby-2.3.3/gems/actionpack-5.0.3/lib/action_dispatch/middleware/templates/rescues/_trace.html.erb (1.5ms)
  Rendering /Users/MK/.rvm/gems/ruby-2.3.3/gems/actionpack-5.0.3/lib/action_dispatch/middleware/templates/rescues/_request_and_response.html.erb
  Rendered /Users/MK/.rvm/gems/ruby-2.3.3/gems/actionpack-5.0.3/lib/action_dispatch/middleware/templates/rescues/_request_and_response.html.erb (0.8ms)
  Rendered /Users/MK/.rvm/gems/ruby-2.3.3/gems/actionpack-5.0.3/lib/action_dispatch/middleware/templates/rescues/diagnostics.html.erb within rescues/layout (62.4ms)
Started GET "/users" for 127.0.0.1 at 2017-06-08 20:11:04 -0400
Processing by UsersController#index as HTML
  Rendering users/index.html.erb within layouts/application
  [1m[36mUser Load (0.8ms)[0m  [1m[34mSELECT "users".* FROM "users"[0m
  Rendered users/index.html.erb within layouts/application (12.1ms)
Completed 500 Internal Server Error in 20ms (ActiveRecord: 2.0ms)


  
ActionView::Template::Error (Missing partial users/_user with {:locale=>[:en], :formats=>[:html], :variants=>[], :handlers=>[:raw, :erb, :html, :builder, :ruby, :coffee, :jbuilder]}. Searched in:
  * "/Users/MK/Desktop/the_odin_project/ruby-on-rails/private-events/app/views"
):
    2: 
    3: 
    4: <ul class="users">
    5:   <%= render @users %>
    6: </ul>
  
app/views/users/index.html.erb:5:in `_app_views_users_index_html_erb___3805249099122794177_70236753039380'
  Rendering /Users/MK/.rvm/gems/ruby-2.3.3/gems/actionpack-5.0.3/lib/action_dispatch/middleware/templates/rescues/template_error.html.erb within rescues/layout
  Rendering /Users/MK/.rvm/gems/ruby-2.3.3/gems/actionpack-5.0.3/lib/action_dispatch/middleware/templates/rescues/_source.html.erb
  Rendered /Users/MK/.rvm/gems/ruby-2.3.3/gems/actionpack-5.0.3/lib/action_dispatch/middleware/templates/rescues/_source.html.erb (4.3ms)
  Rendering /Users/MK/.rvm/gems/ruby-2.3.3/gems/actionpack-5.0.3/lib/action_dispatch/middleware/templates/rescues/_trace.html.erb
  Rendered /Users/MK/.rvm/gems/ruby-2.3.3/gems/actionpack-5.0.3/lib/action_dispatch/middleware/templates/rescues/_trace.html.erb (2.0ms)
  Rendering /Users/MK/.rvm/gems/ruby-2.3.3/gems/actionpack-5.0.3/lib/action_dispatch/middleware/templates/rescues/_request_and_response.html.erb
  Rendered /Users/MK/.rvm/gems/ruby-2.3.3/gems/actionpack-5.0.3/lib/action_dispatch/middleware/templates/rescues/_request_and_response.html.erb (0.9ms)
  Rendered /Users/MK/.rvm/gems/ruby-2.3.3/gems/actionpack-5.0.3/lib/action_dispatch/middleware/templates/rescues/template_error.html.erb within rescues/layout (63.7ms)
Started GET "/users" for 127.0.0.1 at 2017-06-08 20:12:15 -0400
Processing by UsersController#index as HTML
  Rendering users/index.html.erb within layouts/application
  [1m[36mUser Load (0.8ms)[0m  [1m[34mSELECT "users".* FROM "users"[0m
  Rendered collection of users/_user.html.erb [1 times] (6.8ms)
  Rendered users/index.html.erb within layouts/application (18.2ms)
  Rendered layouts/_rails_default.html.erb (53.4ms)
  Rendered layouts/_header.html.erb (1.4ms)
Completed 200 OK in 111ms (Views: 92.8ms | ActiveRecord: 0.8ms)


Started GET "/users/1" for 127.0.0.1 at 2017-06-08 20:12:20 -0400
Processing by UsersController#show as HTML
  Parameters: {"id"=>"1"}
  [1m[36mUser Load (0.5ms)[0m  [1m[34mSELECT  "users".* FROM "users" WHERE "users"."id" = ? LIMIT ?[0m  [["id", 1], ["LIMIT", 1]]
  Rendering users/show.html.erb within layouts/application
  Rendered users/show.html.erb within layouts/application (0.6ms)
  Rendered layouts/_rails_default.html.erb (41.4ms)
  Rendered layouts/_header.html.erb (1.5ms)
Completed 200 OK in 66ms (Views: 54.8ms | ActiveRecord: 0.5ms)


Started GET "/users/new" for 127.0.0.1 at 2017-06-08 20:13:21 -0400
Processing by UsersController#new as HTML
  Rendering users/new.html.erb within layouts/application
  Rendered users/new.html.erb within layouts/application (3.5ms)
  Rendered layouts/_rails_default.html.erb (44.7ms)
  Rendered layouts/_header.html.erb (0.6ms)
Completed 200 OK in 73ms (Views: 58.9ms | ActiveRecord: 0.6ms)


Started POST "/users" for 127.0.0.1 at 2017-06-08 20:13:24 -0400
Processing by UsersController#create as HTML
  Parameters: {"utf8"=>"✓", "authenticity_token"=>"T3wUsni4JSkSJxE5xtIytzQLcfgNbdoexPy6la0UxYj+N5DfNq/6ELJ88aU4rw2BbgVTzsUg9rGhsGCCljtiFA==", "user"=>{"name"=>"user2"}, "commit"=>"Create my account"}
  [1m[35m (0.1ms)[0m  [1m[36mbegin transaction[0m
  [1m[35mSQL (0.7ms)[0m  [1m[32mINSERT INTO "users" ("name", "created_at", "updated_at") VALUES (?, ?, ?)[0m  [["name", "user2"], ["created_at", "2017-06-09 00:13:24.898347"], ["updated_at", "2017-06-09 00:13:24.898347"]]
  [1m[35m (1.3ms)[0m  [1m[36mcommit transaction[0m
Redirected to http://localhost:3000/
Completed 302 Found in 10ms (ActiveRecord: 2.1ms)


Started GET "/" for 127.0.0.1 at 2017-06-08 20:13:24 -0400
Processing by StaticPagesController#home as HTML
  Rendering static_pages/home.html.erb within layouts/application
  Rendered static_pages/home.html.erb within layouts/application (0.4ms)
  Rendered layouts/_rails_default.html.erb (21.2ms)
  Rendered layouts/_header.html.erb (1.6ms)
Completed 200 OK in 36ms (Views: 33.5ms | ActiveRecord: 0.0ms)


Started GET "/users" for 127.0.0.1 at 2017-06-08 20:13:27 -0400
Processing by UsersController#index as HTML
  Rendering users/index.html.erb within layouts/application
  [1m[36mUser Load (0.2ms)[0m  [1m[34mSELECT "users".* FROM "users"[0m
  Rendered collection of users/_user.html.erb [2 times] (1.3ms)
  Rendered users/index.html.erb within layouts/application (6.9ms)
  Rendered layouts/_rails_default.html.erb (39.8ms)
  Rendered layouts/_header.html.erb (0.9ms)
Completed 200 OK in 68ms (Views: 64.1ms | ActiveRecord: 0.2ms)


Started GET "/users/2" for 127.0.0.1 at 2017-06-08 20:13:29 -0400
Processing by UsersController#show as HTML
  Parameters: {"id"=>"2"}
  [1m[36mUser Load (0.3ms)[0m  [1m[34mSELECT  "users".* FROM "users" WHERE "users"."id" = ? LIMIT ?[0m  [["id", 2], ["LIMIT", 1]]
  Rendering users/show.html.erb within layouts/application
  Rendered users/show.html.erb within layouts/application (0.9ms)
  Rendered layouts/_rails_default.html.erb (42.5ms)
  Rendered layouts/_header.html.erb (1.3ms)
Completed 200 OK in 69ms (Views: 58.7ms | ActiveRecord: 0.3ms)


Started GET "/" for 127.0.0.1 at 2017-06-08 20:20:39 -0400
Processing by StaticPagesController#home as HTML
  Rendering static_pages/home.html.erb within layouts/application
  Rendered static_pages/home.html.erb within layouts/application (0.8ms)
  Rendered layouts/_rails_default.html.erb (168.3ms)
  Rendered layouts/_header.html.erb (0.6ms)
Completed 200 OK in 183ms (Views: 180.9ms | ActiveRecord: 0.0ms)


Started GET "/" for 127.0.0.1 at 2017-06-08 20:20:39 -0400
Processing by StaticPagesController#home as HTML
  Rendering static_pages/home.html.erb within layouts/application
  Rendered static_pages/home.html.erb within layouts/application (0.4ms)
  Rendered layouts/_rails_default.html.erb (26.7ms)
  Rendered layouts/_header.html.erb (1.2ms)
Completed 200 OK in 41ms (Views: 38.7ms | ActiveRecord: 0.0ms)


Started GET "/" for 127.0.0.1 at 2017-06-08 20:20:50 -0400
Processing by StaticPagesController#home as HTML
  Rendering static_pages/home.html.erb within layouts/application
  Rendered static_pages/home.html.erb within layouts/application (0.6ms)
  Rendered layouts/_rails_default.html.erb (32.7ms)
  Rendered layouts/_header.html.erb (1.1ms)
Completed 200 OK in 52ms (Views: 49.6ms | ActiveRecord: 0.0ms)


Started GET "/" for 127.0.0.1 at 2017-06-08 20:20:51 -0400
Processing by StaticPagesController#home as HTML
  Rendering static_pages/home.html.erb within layouts/application
  Rendered static_pages/home.html.erb within layouts/application (0.5ms)
  Rendered layouts/_rails_default.html.erb (36.4ms)
  Rendered layouts/_header.html.erb (1.1ms)
Completed 200 OK in 54ms (Views: 52.5ms | ActiveRecord: 0.0ms)


Started GET "/" for 127.0.0.1 at 2017-06-08 20:20:53 -0400
Processing by StaticPagesController#home as HTML
  Rendering static_pages/home.html.erb within layouts/application
  Rendered static_pages/home.html.erb within layouts/application (0.4ms)
  Rendered layouts/_rails_default.html.erb (36.7ms)
  Rendered layouts/_header.html.erb (1.3ms)
Completed 200 OK in 54ms (Views: 51.4ms | ActiveRecord: 0.0ms)


Started GET "/users" for 127.0.0.1 at 2017-06-08 20:20:58 -0400
Processing by UsersController#index as HTML
  Rendering users/index.html.erb within layouts/application
  [1m[36mUser Load (0.5ms)[0m  [1m[34mSELECT "users".* FROM "users"[0m
  Rendered collection of users/_user.html.erb [2 times] (1.6ms)
  Rendered users/index.html.erb within layouts/application (20.0ms)
  Rendered layouts/_rails_default.html.erb (31.6ms)
  Rendered layouts/_header.html.erb (1.4ms)
Completed 200 OK in 78ms (Views: 64.5ms | ActiveRecord: 1.4ms)


Started GET "/users/new" for 127.0.0.1 at 2017-06-08 20:21:08 -0400
Processing by UsersController#new as HTML
  Rendering users/new.html.erb within layouts/application
  Rendered users/new.html.erb within layouts/application (1.9ms)
  Rendered layouts/_rails_default.html.erb (27.6ms)
  Rendered layouts/_header.html.erb (0.6ms)
Completed 200 OK in 45ms (Views: 41.2ms | ActiveRecord: 0.0ms)


Started POST "/users" for 127.0.0.1 at 2017-06-08 20:21:30 -0400
Processing by UsersController#create as HTML
  Parameters: {"utf8"=>"✓", "authenticity_token"=>"Z86zUOAh7rq3+t44vdfY2vr/l5+1bPWnLxxZnGKC/QHWhTc9rjYxgxehPqRDqufsoPG1qX0h2QhKUIOLWa1anQ==", "user"=>{"name"=>"It'sBootsyY'all"}, "commit"=>"Create my account"}
  [1m[35m (0.3ms)[0m  [1m[36mbegin transaction[0m
  [1m[35mSQL (5.5ms)[0m  [1m[32mINSERT INTO "users" ("name", "created_at", "updated_at") VALUES (?, ?, ?)[0m  [["name", "It'sBootsyY'all"], ["created_at", "2017-06-09 00:21:30.594611"], ["updated_at", "2017-06-09 00:21:30.594611"]]
  [1m[35m (4.9ms)[0m  [1m[36mcommit transaction[0m
Redirected to http://localhost:3000/
Completed 302 Found in 16ms (ActiveRecord: 10.6ms)


Started GET "/" for 127.0.0.1 at 2017-06-08 20:21:30 -0400
Processing by StaticPagesController#home as HTML
  Rendering static_pages/home.html.erb within layouts/application
  Rendered static_pages/home.html.erb within layouts/application (0.5ms)
  Rendered layouts/_rails_default.html.erb (40.0ms)
  Rendered layouts/_header.html.erb (1.2ms)
Completed 200 OK in 55ms (Views: 53.1ms | ActiveRecord: 0.0ms)


Started GET "/users" for 127.0.0.1 at 2017-06-08 20:21:32 -0400
Processing by UsersController#index as HTML
  Rendering users/index.html.erb within layouts/application
  [1m[36mUser Load (0.3ms)[0m  [1m[34mSELECT "users".* FROM "users"[0m
  Rendered collection of users/_user.html.erb [3 times] (1.9ms)
  Rendered users/index.html.erb within layouts/application (7.9ms)
  Rendered layouts/_rails_default.html.erb (28.3ms)
  Rendered layouts/_header.html.erb (0.7ms)
Completed 200 OK in 58ms (Views: 53.9ms | ActiveRecord: 0.2ms)


Started GET "/users/3" for 127.0.0.1 at 2017-06-08 20:21:34 -0400
Processing by UsersController#show as HTML
  Parameters: {"id"=>"3"}
  [1m[36mUser Load (0.3ms)[0m  [1m[34mSELECT  "users".* FROM "users" WHERE "users"."id" = ? LIMIT ?[0m  [["id", 3], ["LIMIT", 1]]
  Rendering users/show.html.erb within layouts/application
  Rendered users/show.html.erb within layouts/application (1.2ms)
  Rendered layouts/_rails_default.html.erb (27.3ms)
  Rendered layouts/_header.html.erb (1.9ms)
Completed 200 OK in 47ms (Views: 41.9ms | ActiveRecord: 0.3ms)


Started GET "/users/3" for 127.0.0.1 at 2017-06-08 20:35:14 -0400
  
SyntaxError (/Users/MK/Desktop/the_odin_project/ruby-on-rails/private-events/config/routes.rb:4: syntax error, unexpected tIDENTIFIER, expecting keyword_end
get    '/login' to: 'sessions#new'
                  ^
/Users/MK/Desktop/the_odin_project/ruby-on-rails/private-events/config/routes.rb:5: syntax error, unexpected tIDENTIFIER, expecting keyword_end
post   '/login' to: 'sessions#create'
                  ^
/Users/MK/Desktop/the_odin_project/ruby-on-rails/private-events/config/routes.rb:6: syntax error, unexpected tIDENTIFIER, expecting keyword_end
delete '/logout' to: 'sessions#destroy'
                   ^):
  
config/routes.rb:4: syntax error, unexpected tIDENTIFIER, expecting keyword_end
config/routes.rb:5: syntax error, unexpected tIDENTIFIER, expecting keyword_end
config/routes.rb:6: syntax error, unexpected tIDENTIFIER, expecting keyword_end
  Rendering /Users/MK/.rvm/gems/ruby-2.3.3/gems/actionpack-5.0.3/lib/action_dispatch/middleware/templates/rescues/diagnostics.html.erb within rescues/layout
  Rendering /Users/MK/.rvm/gems/ruby-2.3.3/gems/actionpack-5.0.3/lib/action_dispatch/middleware/templates/rescues/_source.html.erb
  Rendered /Users/MK/.rvm/gems/ruby-2.3.3/gems/actionpack-5.0.3/lib/action_dispatch/middleware/templates/rescues/_source.html.erb (3.4ms)
  Rendering /Users/MK/.rvm/gems/ruby-2.3.3/gems/actionpack-5.0.3/lib/action_dispatch/middleware/templates/rescues/_trace.html.erb
  Rendered /Users/MK/.rvm/gems/ruby-2.3.3/gems/actionpack-5.0.3/lib/action_dispatch/middleware/templates/rescues/_trace.html.erb (1.7ms)
  Rendering /Users/MK/.rvm/gems/ruby-2.3.3/gems/actionpack-5.0.3/lib/action_dispatch/middleware/templates/rescues/_request_and_response.html.erb
  Rendered /Users/MK/.rvm/gems/ruby-2.3.3/gems/actionpack-5.0.3/lib/action_dispatch/middleware/templates/rescues/_request_and_response.html.erb (0.9ms)
  Rendered /Users/MK/.rvm/gems/ruby-2.3.3/gems/actionpack-5.0.3/lib/action_dispatch/middleware/templates/rescues/diagnostics.html.erb within rescues/layout (65.1ms)
Started GET "/login" for 127.0.0.1 at 2017-06-08 20:35:24 -0400
  
ActionController::RoutingError (No route matches [GET] "/login"):
  
actionpack (5.0.3) lib/action_dispatch/middleware/debug_exceptions.rb:53:in `call'
web-console (3.5.1) lib/web_console/middleware.rb:135:in `call_app'
web-console (3.5.1) lib/web_console/middleware.rb:28:in `block in call'
web-console (3.5.1) lib/web_console/middleware.rb:18:in `catch'
web-console (3.5.1) lib/web_console/middleware.rb:18:in `call'
actionpack (5.0.3) lib/action_dispatch/middleware/show_exceptions.rb:31:in `call'
railties (5.0.3) lib/rails/rack/logger.rb:36:in `call_app'
railties (5.0.3) lib/rails/rack/logger.rb:24:in `block in call'
activesupport (5.0.3) lib/active_support/tagged_logging.rb:69:in `block in tagged'
activesupport (5.0.3) lib/active_support/tagged_logging.rb:26:in `tagged'
activesupport (5.0.3) lib/active_support/tagged_logging.rb:69:in `tagged'
railties (5.0.3) lib/rails/rack/logger.rb:24:in `call'
sprockets-rails (3.2.0) lib/sprockets/rails/quiet_assets.rb:13:in `call'
actionpack (5.0.3) lib/action_dispatch/middleware/request_id.rb:24:in `call'
rack (2.0.3) lib/rack/method_override.rb:22:in `call'
rack (2.0.3) lib/rack/runtime.rb:22:in `call'
activesupport (5.0.3) lib/active_support/cache/strategy/local_cache_middleware.rb:28:in `call'
actionpack (5.0.3) lib/action_dispatch/middleware/executor.rb:12:in `call'
actionpack (5.0.3) lib/action_dispatch/middleware/static.rb:136:in `call'
rack (2.0.3) lib/rack/sendfile.rb:111:in `call'
railties (5.0.3) lib/rails/engine.rb:522:in `call'
puma (3.9.1) lib/puma/configuration.rb:224:in `call'
puma (3.9.1) lib/puma/server.rb:602:in `handle_request'
puma (3.9.1) lib/puma/server.rb:435:in `process_client'
puma (3.9.1) lib/puma/server.rb:299:in `block in run'
puma (3.9.1) lib/puma/thread_pool.rb:120:in `block in spawn_thread'
  Rendering /Users/MK/.rvm/gems/ruby-2.3.3/gems/actionpack-5.0.3/lib/action_dispatch/middleware/templates/rescues/routing_error.html.erb within rescues/layout
  Rendering /Users/MK/.rvm/gems/ruby-2.3.3/gems/actionpack-5.0.3/lib/action_dispatch/middleware/templates/rescues/_trace.html.erb
  Rendered /Users/MK/.rvm/gems/ruby-2.3.3/gems/actionpack-5.0.3/lib/action_dispatch/middleware/templates/rescues/_trace.html.erb (1.4ms)
  Rendered /Users/MK/.rvm/gems/ruby-2.3.3/gems/actionpack-5.0.3/lib/action_dispatch/middleware/templates/routes/_table.html.erb (2.5ms)
  Rendering /Users/MK/.rvm/gems/ruby-2.3.3/gems/actionpack-5.0.3/lib/action_dispatch/middleware/templates/rescues/_request_and_response.html.erb
  Rendered /Users/MK/.rvm/gems/ruby-2.3.3/gems/actionpack-5.0.3/lib/action_dispatch/middleware/templates/rescues/_request_and_response.html.erb (1.5ms)
  Rendered /Users/MK/.rvm/gems/ruby-2.3.3/gems/actionpack-5.0.3/lib/action_dispatch/middleware/templates/rescues/routing_error.html.erb within rescues/layout (61.0ms)
Started GET "/login" for 127.0.0.1 at 2017-06-08 20:36:33 -0400
Processing by SessionsController#new as HTML
Completed 406 Not Acceptable in 54ms (ActiveRecord: 0.0ms)


  
ActionController::UnknownFormat (SessionsController#new is missing a template for this request format and variant.

request.formats: ["text/html"]
request.variant: []

NOTE! For XHR/Ajax or API requests, this action would normally respond with 204 No Content: an empty white screen. Since you're loading it in a web browser, we assume that you expected to actually render a template, not nothing, so we're showing an error to be extra-clear. If you expect 204 No Content, carry on. That's what you'll get from an XHR or API request. Give it a shot.):
  
actionpack (5.0.3) lib/action_controller/metal/implicit_render.rb:56:in `default_render'
actionpack (5.0.3) lib/action_controller/metal/basic_implicit_render.rb:4:in `block in send_action'
actionpack (5.0.3) lib/action_controller/metal/basic_implicit_render.rb:4:in `tap'
actionpack (5.0.3) lib/action_controller/metal/basic_implicit_render.rb:4:in `send_action'
actionpack (5.0.3) lib/abstract_controller/base.rb:188:in `process_action'
actionpack (5.0.3) lib/action_controller/metal/rendering.rb:30:in `process_action'
actionpack (5.0.3) lib/abstract_controller/callbacks.rb:20:in `block in process_action'
activesupport (5.0.3) lib/active_support/callbacks.rb:126:in `call'
activesupport (5.0.3) lib/active_support/callbacks.rb:506:in `block (2 levels) in compile'
activesupport (5.0.3) lib/active_support/callbacks.rb:455:in `call'
activesupport (5.0.3) lib/active_support/callbacks.rb:101:in `__run_callbacks__'
activesupport (5.0.3) lib/active_support/callbacks.rb:750:in `_run_process_action_callbacks'
activesupport (5.0.3) lib/active_support/callbacks.rb:90:in `run_callbacks'
actionpack (5.0.3) lib/abstract_controller/callbacks.rb:19:in `process_action'
actionpack (5.0.3) lib/action_controller/metal/rescue.rb:20:in `process_action'
actionpack (5.0.3) lib/action_controller/metal/instrumentation.rb:32:in `block in process_action'
activesupport (5.0.3) lib/active_support/notifications.rb:164:in `block in instrument'
activesupport (5.0.3) lib/active_support/notifications/instrumenter.rb:21:in `instrument'
activesupport (5.0.3) lib/active_support/notifications.rb:164:in `instrument'
actionpack (5.0.3) lib/action_controller/metal/instrumentation.rb:30:in `process_action'
actionpack (5.0.3) lib/action_controller/metal/params_wrapper.rb:248:in `process_action'
activerecord (5.0.3) lib/active_record/railties/controller_runtime.rb:18:in `process_action'
actionpack (5.0.3) lib/abstract_controller/base.rb:126:in `process'
actionview (5.0.3) lib/action_view/rendering.rb:30:in `process'
actionpack (5.0.3) lib/action_controller/metal.rb:190:in `dispatch'
actionpack (5.0.3) lib/action_controller/metal.rb:262:in `dispatch'
actionpack (5.0.3) lib/action_dispatch/routing/route_set.rb:50:in `dispatch'
actionpack (5.0.3) lib/action_dispatch/routing/route_set.rb:32:in `serve'
actionpack (5.0.3) lib/action_dispatch/journey/router.rb:39:in `block in serve'
actionpack (5.0.3) lib/action_dispatch/journey/router.rb:26:in `each'
actionpack (5.0.3) lib/action_dispatch/journey/router.rb:26:in `serve'
actionpack (5.0.3) lib/action_dispatch/routing/route_set.rb:725:in `call'
rack (2.0.3) lib/rack/etag.rb:25:in `call'
rack (2.0.3) lib/rack/conditional_get.rb:25:in `call'
rack (2.0.3) lib/rack/head.rb:12:in `call'
rack (2.0.3) lib/rack/session/abstract/id.rb:232:in `context'
rack (2.0.3) lib/rack/session/abstract/id.rb:226:in `call'
actionpack (5.0.3) lib/action_dispatch/middleware/cookies.rb:613:in `call'
activerecord (5.0.3) lib/active_record/migration.rb:553:in `call'
actionpack (5.0.3) lib/action_dispatch/middleware/callbacks.rb:38:in `block in call'
activesupport (5.0.3) lib/active_support/callbacks.rb:97:in `__run_callbacks__'
activesupport (5.0.3) lib/active_support/callbacks.rb:750:in `_run_call_callbacks'
activesupport (5.0.3) lib/active_support/callbacks.rb:90:in `run_callbacks'
actionpack (5.0.3) lib/action_dispatch/middleware/callbacks.rb:36:in `call'
actionpack (5.0.3) lib/action_dispatch/middleware/executor.rb:12:in `call'
actionpack (5.0.3) lib/action_dispatch/middleware/remote_ip.rb:79:in `call'
actionpack (5.0.3) lib/action_dispatch/middleware/debug_exceptions.rb:49:in `call'
web-console (3.5.1) lib/web_console/middleware.rb:135:in `call_app'
web-console (3.5.1) lib/web_console/middleware.rb:28:in `block in call'
web-console (3.5.1) lib/web_console/middleware.rb:18:in `catch'
web-console (3.5.1) lib/web_console/middleware.rb:18:in `call'
actionpack (5.0.3) lib/action_dispatch/middleware/show_exceptions.rb:31:in `call'
railties (5.0.3) lib/rails/rack/logger.rb:36:in `call_app'
railties (5.0.3) lib/rails/rack/logger.rb:24:in `block in call'
activesupport (5.0.3) lib/active_support/tagged_logging.rb:69:in `block in tagged'
activesupport (5.0.3) lib/active_support/tagged_logging.rb:26:in `tagged'
activesupport (5.0.3) lib/active_support/tagged_logging.rb:69:in `tagged'
railties (5.0.3) lib/rails/rack/logger.rb:24:in `call'
sprockets-rails (3.2.0) lib/sprockets/rails/quiet_assets.rb:13:in `call'
actionpack (5.0.3) lib/action_dispatch/middleware/request_id.rb:24:in `call'
rack (2.0.3) lib/rack/method_override.rb:22:in `call'
rack (2.0.3) lib/rack/runtime.rb:22:in `call'
activesupport (5.0.3) lib/active_support/cache/strategy/local_cache_middleware.rb:28:in `call'
actionpack (5.0.3) lib/action_dispatch/middleware/executor.rb:12:in `call'
actionpack (5.0.3) lib/action_dispatch/middleware/static.rb:136:in `call'
rack (2.0.3) lib/rack/sendfile.rb:111:in `call'
railties (5.0.3) lib/rails/engine.rb:522:in `call'
puma (3.9.1) lib/puma/configuration.rb:224:in `call'
puma (3.9.1) lib/puma/server.rb:602:in `handle_request'
puma (3.9.1) lib/puma/server.rb:435:in `process_client'
puma (3.9.1) lib/puma/server.rb:299:in `block in run'
puma (3.9.1) lib/puma/thread_pool.rb:120:in `block in spawn_thread'
  Rendering /Users/MK/.rvm/gems/ruby-2.3.3/gems/actionpack-5.0.3/lib/action_dispatch/middleware/templates/rescues/diagnostics.html.erb within rescues/layout
  Rendering /Users/MK/.rvm/gems/ruby-2.3.3/gems/actionpack-5.0.3/lib/action_dispatch/middleware/templates/rescues/_source.html.erb
  Rendered /Users/MK/.rvm/gems/ruby-2.3.3/gems/actionpack-5.0.3/lib/action_dispatch/middleware/templates/rescues/_source.html.erb (3.2ms)
  Rendering /Users/MK/.rvm/gems/ruby-2.3.3/gems/actionpack-5.0.3/lib/action_dispatch/middleware/templates/rescues/_trace.html.erb
  Rendered /Users/MK/.rvm/gems/ruby-2.3.3/gems/actionpack-5.0.3/lib/action_dispatch/middleware/templates/rescues/_trace.html.erb (1.6ms)
  Rendering /Users/MK/.rvm/gems/ruby-2.3.3/gems/actionpack-5.0.3/lib/action_dispatch/middleware/templates/rescues/_request_and_response.html.erb
  Rendered /Users/MK/.rvm/gems/ruby-2.3.3/gems/actionpack-5.0.3/lib/action_dispatch/middleware/templates/rescues/_request_and_response.html.erb (0.9ms)
  Rendered /Users/MK/.rvm/gems/ruby-2.3.3/gems/actionpack-5.0.3/lib/action_dispatch/middleware/templates/rescues/diagnostics.html.erb within rescues/layout (69.9ms)
Started GET "/login" for 127.0.0.1 at 2017-06-08 20:38:08 -0400
Processing by SessionsController#new as HTML
  Rendering sessions/new.html.erb within layouts/application
  Rendered sessions/new.html.erb within layouts/application (238.8ms)
Completed 500 Internal Server Error in 248ms (ActiveRecord: 0.0ms)


  
ActionView::Template::Error (undefined local variable or method `signup_path' for #<#<Class:0x007fc28b6512d8>:0x007fc28b648480>):
     9:       <%= f.submit "Log in", class: "btn btn-primary" %>
    10:     <% end %>
    11: 
    12:     <p>New user? <%= link_to "Sign up now!", signup_path %></p>
    13:   </div>
    14: </div>
  
app/views/sessions/new.html.erb:12:in `_app_views_sessions_new_html_erb___2807629455304805737_70236769524580'
  Rendering /Users/MK/.rvm/gems/ruby-2.3.3/gems/actionpack-5.0.3/lib/action_dispatch/middleware/templates/rescues/template_error.html.erb within rescues/layout
  Rendering /Users/MK/.rvm/gems/ruby-2.3.3/gems/actionpack-5.0.3/lib/action_dispatch/middleware/templates/rescues/_source.html.erb
  Rendered /Users/MK/.rvm/gems/ruby-2.3.3/gems/actionpack-5.0.3/lib/action_dispatch/middleware/templates/rescues/_source.html.erb (4.3ms)
  Rendering /Users/MK/.rvm/gems/ruby-2.3.3/gems/actionpack-5.0.3/lib/action_dispatch/middleware/templates/rescues/_trace.html.erb
  Rendered /Users/MK/.rvm/gems/ruby-2.3.3/gems/actionpack-5.0.3/lib/action_dispatch/middleware/templates/rescues/_trace.html.erb (1.8ms)
  Rendering /Users/MK/.rvm/gems/ruby-2.3.3/gems/actionpack-5.0.3/lib/action_dispatch/middleware/templates/rescues/_request_and_response.html.erb
  Rendered /Users/MK/.rvm/gems/ruby-2.3.3/gems/actionpack-5.0.3/lib/action_dispatch/middleware/templates/rescues/_request_and_response.html.erb (1.0ms)
  Rendered /Users/MK/.rvm/gems/ruby-2.3.3/gems/actionpack-5.0.3/lib/action_dispatch/middleware/templates/rescues/template_error.html.erb within rescues/layout (63.6ms)
Started GET "/login" for 127.0.0.1 at 2017-06-08 20:38:40 -0400
Processing by SessionsController#new as HTML
  Rendering sessions/new.html.erb within layouts/application
  Rendered sessions/new.html.erb within layouts/application (1.5ms)
  Rendered layouts/_rails_default.html.erb (44.9ms)
  Rendered layouts/_header.html.erb (0.9ms)
Completed 200 OK in 62ms (Views: 59.2ms | ActiveRecord: 0.0ms)


Started GET "/signup" for 127.0.0.1 at 2017-06-08 20:38:45 -0400
Processing by UsersController#new as HTML
  Rendering users/new.html.erb within layouts/application
  Rendered users/new.html.erb within layouts/application (4.4ms)
  Rendered layouts/_rails_default.html.erb (36.6ms)
  Rendered layouts/_header.html.erb (0.8ms)
Completed 200 OK in 68ms (Views: 52.3ms | ActiveRecord: 0.9ms)


Started GET "/login" for 127.0.0.1 at 2017-06-08 20:38:46 -0400
Processing by SessionsController#new as HTML
  Rendering sessions/new.html.erb within layouts/application
  Rendered sessions/new.html.erb within layouts/application (1.9ms)
  Rendered layouts/_rails_default.html.erb (43.5ms)
  Rendered layouts/_header.html.erb (1.0ms)
Completed 200 OK in 68ms (Views: 64.2ms | ActiveRecord: 0.0ms)


Started POST "/login" for 127.0.0.1 at 2017-06-08 20:38:49 -0400
Processing by SessionsController#create as HTML
  Parameters: {"utf8"=>"✓", "authenticity_token"=>"97w0eWy0qlmatg1LBUeEaJTglXg3fa9AQyW8YGKNKdHTdvtnEyUyOJMlddGlxib7HZpliUvZ5qhkj9lGNI9cSg==", "session"=>{"name"=>"user1"}, "commit"=>"Log in"}
  [1m[36mUser Load (0.3ms)[0m  [1m[34mSELECT  "users".* FROM "users" WHERE "users"."name" = ? LIMIT ?[0m  [["name", "user1"], ["LIMIT", 1]]
Completed 500 Internal Server Error in 7ms (ActiveRecord: 0.3ms)


  
NoMethodError (undefined method `exists?' for nil:NilClass):
  
app/controllers/sessions_controller.rb:7:in `create'
  Rendering /Users/MK/.rvm/gems/ruby-2.3.3/gems/actionpack-5.0.3/lib/action_dispatch/middleware/templates/rescues/diagnostics.html.erb within rescues/layout
  Rendering /Users/MK/.rvm/gems/ruby-2.3.3/gems/actionpack-5.0.3/lib/action_dispatch/middleware/templates/rescues/_source.html.erb
  Rendered /Users/MK/.rvm/gems/ruby-2.3.3/gems/actionpack-5.0.3/lib/action_dispatch/middleware/templates/rescues/_source.html.erb (4.3ms)
  Rendering /Users/MK/.rvm/gems/ruby-2.3.3/gems/actionpack-5.0.3/lib/action_dispatch/middleware/templates/rescues/_trace.html.erb
  Rendered /Users/MK/.rvm/gems/ruby-2.3.3/gems/actionpack-5.0.3/lib/action_dispatch/middleware/templates/rescues/_trace.html.erb (2.7ms)
  Rendering /Users/MK/.rvm/gems/ruby-2.3.3/gems/actionpack-5.0.3/lib/action_dispatch/middleware/templates/rescues/_request_and_response.html.erb
  Rendered /Users/MK/.rvm/gems/ruby-2.3.3/gems/actionpack-5.0.3/lib/action_dispatch/middleware/templates/rescues/_request_and_response.html.erb (1.1ms)
  Rendered /Users/MK/.rvm/gems/ruby-2.3.3/gems/actionpack-5.0.3/lib/action_dispatch/middleware/templates/rescues/diagnostics.html.erb within rescues/layout (66.0ms)
Started POST "/login" for 127.0.0.1 at 2017-06-08 20:39:15 -0400
Processing by SessionsController#create as HTML
  Parameters: {"utf8"=>"✓", "authenticity_token"=>"97w0eWy0qlmatg1LBUeEaJTglXg3fa9AQyW8YGKNKdHTdvtnEyUyOJMlddGlxib7HZpliUvZ5qhkj9lGNI9cSg==", "session"=>{"name"=>"user1"}, "commit"=>"Log in"}
  [1m[36mUser Load (0.1ms)[0m  [1m[34mSELECT  "users".* FROM "users" WHERE "users"."name" = ? LIMIT ?[0m  [["name", "user1"], ["LIMIT", 1]]
Redirected to http://localhost:3000/
Completed 302 Found in 7ms (ActiveRecord: 0.5ms)


Started GET "/" for 127.0.0.1 at 2017-06-08 20:39:15 -0400
Processing by StaticPagesController#home as HTML
  Rendering static_pages/home.html.erb within layouts/application
  Rendered static_pages/home.html.erb within layouts/application (0.5ms)
  Rendered layouts/_rails_default.html.erb (36.4ms)
  Rendered layouts/_header.html.erb (1.2ms)
Completed 200 OK in 60ms (Views: 58.3ms | ActiveRecord: 0.0ms)


Started GET "/login" for 127.0.0.1 at 2017-06-08 20:39:19 -0400
Processing by SessionsController#new as HTML
  Rendering sessions/new.html.erb within layouts/application
  Rendered sessions/new.html.erb within layouts/application (3.0ms)
  Rendered layouts/_rails_default.html.erb (40.7ms)
  Rendered layouts/_header.html.erb (1.1ms)
Completed 200 OK in 61ms (Views: 58.3ms | ActiveRecord: 0.0ms)


Started POST "/login" for 127.0.0.1 at 2017-06-08 20:39:22 -0400
Processing by SessionsController#create as HTML
  Parameters: {"utf8"=>"✓", "authenticity_token"=>"danG/37doLUcsznmC4BE5TUhSpP5M4dlFudS+b9Aa1ZRYwnhAUw41BUgQXyrAeZ2vFu6YoWXzo0xTTff6UIezQ==", "session"=>{"name"=>"User1"}, "commit"=>"Log in"}
  [1m[36mUser Load (0.2ms)[0m  [1m[34mSELECT  "users".* FROM "users" WHERE "users"."name" = ? LIMIT ?[0m  [["name", "user1"], ["LIMIT", 1]]
Redirected to http://localhost:3000/
Completed 302 Found in 4ms (ActiveRecord: 0.2ms)


Started GET "/" for 127.0.0.1 at 2017-06-08 20:39:22 -0400
Processing by StaticPagesController#home as HTML
  Rendering static_pages/home.html.erb within layouts/application
  Rendered static_pages/home.html.erb within layouts/application (0.6ms)
  Rendered layouts/_rails_default.html.erb (21.2ms)
  Rendered layouts/_header.html.erb (0.8ms)
Completed 200 OK in 35ms (Views: 33.1ms | ActiveRecord: 0.0ms)


Started GET "/users" for 127.0.0.1 at 2017-06-08 20:39:24 -0400
Processing by UsersController#index as HTML
  Rendering users/index.html.erb within layouts/application
  [1m[36mUser Load (0.2ms)[0m  [1m[34mSELECT "users".* FROM "users"[0m
  Rendered collection of users/_user.html.erb [3 times] (3.2ms)
  Rendered users/index.html.erb within layouts/application (19.0ms)
  Rendered layouts/_rails_default.html.erb (46.4ms)
  Rendered layouts/_header.html.erb (0.8ms)
Completed 200 OK in 84ms (Views: 77.3ms | ActiveRecord: 0.7ms)


Started GET "/users" for 127.0.0.1 at 2017-06-08 20:39:29 -0400
Processing by UsersController#index as HTML
  Rendering users/index.html.erb within layouts/application
  [1m[36mUser Load (0.2ms)[0m  [1m[34mSELECT "users".* FROM "users"[0m
  Rendered collection of users/_user.html.erb [3 times] (1.4ms)
  Rendered users/index.html.erb within layouts/application (9.9ms)
  Rendered layouts/_rails_default.html.erb (25.8ms)
  Rendered layouts/_header.html.erb (1.0ms)
Completed 200 OK in 52ms (Views: 45.3ms | ActiveRecord: 0.7ms)


Started GET "/login" for 127.0.0.1 at 2017-06-08 20:39:31 -0400
Processing by SessionsController#new as HTML
  Rendering sessions/new.html.erb within layouts/application
  Rendered sessions/new.html.erb within layouts/application (2.6ms)
  Rendered layouts/_rails_default.html.erb (45.9ms)
  Rendered layouts/_header.html.erb (1.1ms)
Completed 200 OK in 67ms (Views: 63.0ms | ActiveRecord: 0.0ms)


Started POST "/login" for 127.0.0.1 at 2017-06-08 20:39:32 -0400
Processing by SessionsController#create as HTML
  Parameters: {"utf8"=>"✓", "authenticity_token"=>"ZsDmVtOOVBP2PNKUfO2TaU4lT0qMtaSrVf6wGooprBlCCilIrB/Mcv+vqg7cbDH6x1+/u/AR7UNyVNU83CvZgg==", "session"=>{"name"=>"User1"}, "commit"=>"Log in"}
  [1m[36mUser Load (0.3ms)[0m  [1m[34mSELECT  "users".* FROM "users" WHERE "users"."name" = ? LIMIT ?[0m  [["name", "User1"], ["LIMIT", 1]]
Completed 500 Internal Server Error in 144ms (ActiveRecord: 0.3ms)


  
NoMethodError (undefined method `log_in' for #<SessionsController:0x007fc28955c488>
Did you mean?  login_url):
  
app/controllers/sessions_controller.rb:8:in `create'
  Rendering /Users/MK/.rvm/gems/ruby-2.3.3/gems/actionpack-5.0.3/lib/action_dispatch/middleware/templates/rescues/diagnostics.html.erb within rescues/layout
  Rendering /Users/MK/.rvm/gems/ruby-2.3.3/gems/actionpack-5.0.3/lib/action_dispatch/middleware/templates/rescues/_source.html.erb
  Rendered /Users/MK/.rvm/gems/ruby-2.3.3/gems/actionpack-5.0.3/lib/action_dispatch/middleware/templates/rescues/_source.html.erb (2.7ms)
  Rendering /Users/MK/.rvm/gems/ruby-2.3.3/gems/actionpack-5.0.3/lib/action_dispatch/middleware/templates/rescues/_trace.html.erb
  Rendered /Users/MK/.rvm/gems/ruby-2.3.3/gems/actionpack-5.0.3/lib/action_dispatch/middleware/templates/rescues/_trace.html.erb (1.5ms)
  Rendering /Users/MK/.rvm/gems/ruby-2.3.3/gems/actionpack-5.0.3/lib/action_dispatch/middleware/templates/rescues/_request_and_response.html.erb
  Rendered /Users/MK/.rvm/gems/ruby-2.3.3/gems/actionpack-5.0.3/lib/action_dispatch/middleware/templates/rescues/_request_and_response.html.erb (1.0ms)
  Rendered /Users/MK/.rvm/gems/ruby-2.3.3/gems/actionpack-5.0.3/lib/action_dispatch/middleware/templates/rescues/diagnostics.html.erb within rescues/layout (134.9ms)
Started POST "/login" for 127.0.0.1 at 2017-06-08 20:40:27 -0400
Processing by SessionsController#create as HTML
  Parameters: {"utf8"=>"✓", "authenticity_token"=>"ZsDmVtOOVBP2PNKUfO2TaU4lT0qMtaSrVf6wGooprBlCCilIrB/Mcv+vqg7cbDH6x1+/u/AR7UNyVNU83CvZgg==", "session"=>{"name"=>"User1"}, "commit"=>"Log in"}
  [1m[36mUser Load (0.2ms)[0m  [1m[34mSELECT  "users".* FROM "users" WHERE "users"."name" = ? LIMIT ?[0m  [["name", "User1"], ["LIMIT", 1]]
Redirected to http://localhost:3000/users/1
Completed 302 Found in 11ms (ActiveRecord: 1.0ms)


Started GET "/users/1" for 127.0.0.1 at 2017-06-08 20:40:27 -0400
Processing by UsersController#show as HTML
  Parameters: {"id"=>"1"}
  [1m[36mUser Load (0.2ms)[0m  [1m[34mSELECT  "users".* FROM "users" WHERE "users"."id" = ? LIMIT ?[0m  [["id", 1], ["LIMIT", 1]]
  Rendering users/show.html.erb within layouts/application
  Rendered users/show.html.erb within layouts/application (0.6ms)
  Rendered layouts/_rails_default.html.erb (39.8ms)
  Rendered layouts/_header.html.erb (1.0ms)
Completed 200 OK in 55ms (Views: 51.3ms | ActiveRecord: 0.2ms)


Started GET "/login" for 127.0.0.1 at 2017-06-08 20:40:34 -0400
Processing by SessionsController#new as HTML
  Rendering sessions/new.html.erb within layouts/application
  Rendered sessions/new.html.erb within layouts/application (2.7ms)
  Rendered layouts/_rails_default.html.erb (34.0ms)
  Rendered layouts/_header.html.erb (1.8ms)
Completed 200 OK in 57ms (Views: 53.1ms | ActiveRecord: 0.0ms)


Started POST "/login" for 127.0.0.1 at 2017-06-08 20:40:37 -0400
Processing by SessionsController#create as HTML
  Parameters: {"utf8"=>"✓", "authenticity_token"=>"G52+75+8fQ7hyeCfbq27oEV+CiYXHUxzYWnKisEiAsU/V3Hx4C3lb+hamAXOLBkzzAT612u5BZtGw6+slyB3Xg==", "session"=>{"name"=>"user2"}, "commit"=>"Log in"}
  [1m[36mUser Load (0.1ms)[0m  [1m[34mSELECT  "users".* FROM "users" WHERE "users"."name" = ? LIMIT ?[0m  [["name", "user2"], ["LIMIT", 1]]
Redirected to http://localhost:3000/users/2
Completed 302 Found in 2ms (ActiveRecord: 0.1ms)


Started GET "/users/2" for 127.0.0.1 at 2017-06-08 20:40:37 -0400
Processing by UsersController#show as HTML
  Parameters: {"id"=>"2"}
  [1m[36mUser Load (0.1ms)[0m  [1m[34mSELECT  "users".* FROM "users" WHERE "users"."id" = ? LIMIT ?[0m  [["id", 2], ["LIMIT", 1]]
  Rendering users/show.html.erb within layouts/application
  Rendered users/show.html.erb within layouts/application (0.5ms)
  Rendered layouts/_rails_default.html.erb (21.4ms)
  Rendered layouts/_header.html.erb (0.8ms)
Completed 200 OK in 34ms (Views: 31.4ms | ActiveRecord: 0.1ms)


Started GET "/users/2" for 127.0.0.1 at 2017-06-08 20:44:13 -0400
Processing by UsersController#show as HTML
  Parameters: {"id"=>"2"}
  [1m[36mUser Load (0.4ms)[0m  [1m[34mSELECT  "users".* FROM "users" WHERE "users"."id" = ? LIMIT ?[0m  [["id", 2], ["LIMIT", 1]]
  Rendering users/show.html.erb within layouts/application
  Rendered users/show.html.erb within layouts/application (0.7ms)
  Rendered layouts/_rails_default.html.erb (46.6ms)
  [1m[36mUser Load (0.1ms)[0m  [1m[34mSELECT  "users".* FROM "users" WHERE "users"."id" = ? LIMIT ?[0m  [["id", 2], ["LIMIT", 1]]
  Rendered layouts/_header.html.erb (3.1ms)
Completed 200 OK in 65ms (Views: 60.4ms | ActiveRecord: 0.5ms)


Started DELETE "/logout" for 127.0.0.1 at 2017-06-08 20:44:15 -0400
Processing by SessionsController#destroy as HTML
  Parameters: {"authenticity_token"=>"J8xQ/ND+T5IZW5Iwb9Q1OTieDnUdkfbWubqRNnRfK4aWh9SRnumQq7kAcqyRqQoPYpAsQ9Xc2nnc9kshT3CMGg=="}
  [1m[36mUser Load (0.1ms)[0m  [1m[34mSELECT  "users".* FROM "users" WHERE "users"."id" = ? LIMIT ?[0m  [["id", 2], ["LIMIT", 1]]
Completed 500 Internal Server Error in 8ms (ActiveRecord: 0.1ms)


  
NoMethodError (undefined method `forget' for #<User:0x007fc28b0d0e80>):
  
app/helpers/sessions_helper.rb:27:in `forget'
app/helpers/sessions_helper.rb:32:in `log_out'
app/controllers/sessions_controller.rb:18:in `destroy'
  Rendering /Users/MK/.rvm/gems/ruby-2.3.3/gems/actionpack-5.0.3/lib/action_dispatch/middleware/templates/rescues/diagnostics.html.erb within rescues/layout
  Rendering /Users/MK/.rvm/gems/ruby-2.3.3/gems/actionpack-5.0.3/lib/action_dispatch/middleware/templates/rescues/_source.html.erb
  Rendered /Users/MK/.rvm/gems/ruby-2.3.3/gems/actionpack-5.0.3/lib/action_dispatch/middleware/templates/rescues/_source.html.erb (2.9ms)
  Rendering /Users/MK/.rvm/gems/ruby-2.3.3/gems/actionpack-5.0.3/lib/action_dispatch/middleware/templates/rescues/_trace.html.erb
  Rendered /Users/MK/.rvm/gems/ruby-2.3.3/gems/actionpack-5.0.3/lib/action_dispatch/middleware/templates/rescues/_trace.html.erb (2.5ms)
  Rendering /Users/MK/.rvm/gems/ruby-2.3.3/gems/actionpack-5.0.3/lib/action_dispatch/middleware/templates/rescues/_request_and_response.html.erb
  Rendered /Users/MK/.rvm/gems/ruby-2.3.3/gems/actionpack-5.0.3/lib/action_dispatch/middleware/templates/rescues/_request_and_response.html.erb (1.0ms)
  Rendered /Users/MK/.rvm/gems/ruby-2.3.3/gems/actionpack-5.0.3/lib/action_dispatch/middleware/templates/rescues/diagnostics.html.erb within rescues/layout (66.0ms)
Started DELETE "/logout" for 127.0.0.1 at 2017-06-08 20:45:27 -0400
Processing by SessionsController#destroy as HTML
  Parameters: {"authenticity_token"=>"J8xQ/ND+T5IZW5Iwb9Q1OTieDnUdkfbWubqRNnRfK4aWh9SRnumQq7kAcqyRqQoPYpAsQ9Xc2nnc9kshT3CMGg=="}
  [1m[36mUser Load (0.2ms)[0m  [1m[34mSELECT  "users".* FROM "users" WHERE "users"."id" = ? LIMIT ?[0m  [["id", 2], ["LIMIT", 1]]
Redirected to http://localhost:3000/
Completed 302 Found in 14ms (ActiveRecord: 1.2ms)


Started GET "/" for 127.0.0.1 at 2017-06-08 20:45:27 -0400
Processing by StaticPagesController#home as HTML
  Rendering static_pages/home.html.erb within layouts/application
  Rendered static_pages/home.html.erb within layouts/application (0.6ms)
  Rendered layouts/_rails_default.html.erb (45.0ms)
  Rendered layouts/_header.html.erb (5.4ms)
Completed 200 OK in 64ms (Views: 61.8ms | ActiveRecord: 0.0ms)


Started GET "/login" for 127.0.0.1 at 2017-06-08 20:45:29 -0400
Processing by SessionsController#new as HTML
  Rendering sessions/new.html.erb within layouts/application
  Rendered sessions/new.html.erb within layouts/application (1.9ms)
  Rendered layouts/_rails_default.html.erb (35.4ms)
  Rendered layouts/_header.html.erb (1.4ms)
Completed 200 OK in 59ms (Views: 55.1ms | ActiveRecord: 0.0ms)


Started POST "/login" for 127.0.0.1 at 2017-06-08 20:45:31 -0400
Processing by SessionsController#create as HTML
  Parameters: {"utf8"=>"✓", "authenticity_token"=>"UjILrptUCtuMnaAusY0i3p5M0A92gtUL8aTVmBqMImB2+MSw5MWSuoUO2LQRDIBNFzYg/gomnOPWDrC+TI5X+w==", "session"=>{"name"=>"User1"}, "commit"=>"Log in"}
  [1m[36mUser Load (0.3ms)[0m  [1m[34mSELECT  "users".* FROM "users" WHERE "users"."name" = ? LIMIT ?[0m  [["name", "User1"], ["LIMIT", 1]]
Redirected to http://localhost:3000/users/1
Completed 302 Found in 5ms (ActiveRecord: 0.3ms)


Started GET "/users/1" for 127.0.0.1 at 2017-06-08 20:45:31 -0400
Processing by UsersController#show as HTML
  Parameters: {"id"=>"1"}
  [1m[36mUser Load (0.1ms)[0m  [1m[34mSELECT  "users".* FROM "users" WHERE "users"."id" = ? LIMIT ?[0m  [["id", 1], ["LIMIT", 1]]
  Rendering users/show.html.erb within layouts/application
  Rendered users/show.html.erb within layouts/application (0.8ms)
  Rendered layouts/_rails_default.html.erb (17.8ms)
  [1m[36mUser Load (0.1ms)[0m  [1m[34mSELECT  "users".* FROM "users" WHERE "users"."id" = ? LIMIT ?[0m  [["id", 1], ["LIMIT", 1]]
  Rendered layouts/_header.html.erb (2.0ms)
Completed 200 OK in 33ms (Views: 30.1ms | ActiveRecord: 0.2ms)


